2021-01-27 11:14:20,716 ERROR [http-nio-8080-exec-9] c.g.c.c.a.ExceptionAdvice [ExceptionAdvice.java:25] 服务器发生异常：Failed to convert value of type 'java.lang.String' to required type 'int'; nested exception is java.lang.NumberFormatException: For input string: "my-reply.html"
2021-01-27 11:14:20,718 ERROR [http-nio-8080-exec-9] c.g.c.c.a.ExceptionAdvice [ExceptionAdvice.java:27] org.springframework.web.method.annotation.AbstractNamedValueMethodArgumentResolver.resolveArgument(AbstractNamedValueMethodArgumentResolver.java:133)
2021-01-27 11:14:20,718 ERROR [http-nio-8080-exec-9] c.g.c.c.a.ExceptionAdvice [ExceptionAdvice.java:27] org.springframework.web.method.support.HandlerMethodArgumentResolverComposite.resolveArgument(HandlerMethodArgumentResolverComposite.java:121)
2021-01-27 11:14:20,718 ERROR [http-nio-8080-exec-9] c.g.c.c.a.ExceptionAdvice [ExceptionAdvice.java:27] org.springframework.web.method.support.InvocableHandlerMethod.getMethodArgumentValues(InvocableHandlerMethod.java:170)
2021-01-27 11:14:20,718 ERROR [http-nio-8080-exec-9] c.g.c.c.a.ExceptionAdvice [ExceptionAdvice.java:27] org.springframework.web.method.support.InvocableHandlerMethod.invokeForRequest(InvocableHandlerMethod.java:137)
2021-01-27 11:14:20,718 ERROR [http-nio-8080-exec-9] c.g.c.c.a.ExceptionAdvice [ExceptionAdvice.java:27] org.springframework.web.servlet.mvc.method.annotation.ServletInvocableHandlerMethod.invokeAndHandle(ServletInvocableHandlerMethod.java:106)
2021-01-27 11:14:20,718 ERROR [http-nio-8080-exec-9] c.g.c.c.a.ExceptionAdvice [ExceptionAdvice.java:27] org.springframework.web.servlet.mvc.method.annotation.RequestMappingHandlerAdapter.invokeHandlerMethod(RequestMappingHandlerAdapter.java:894)
2021-01-27 11:14:20,718 ERROR [http-nio-8080-exec-9] c.g.c.c.a.ExceptionAdvice [ExceptionAdvice.java:27] org.springframework.web.servlet.mvc.method.annotation.RequestMappingHandlerAdapter.handleInternal(RequestMappingHandlerAdapter.java:808)
2021-01-27 11:14:20,719 ERROR [http-nio-8080-exec-9] c.g.c.c.a.ExceptionAdvice [ExceptionAdvice.java:27] org.springframework.web.servlet.mvc.method.AbstractHandlerMethodAdapter.handle(AbstractHandlerMethodAdapter.java:87)
2021-01-27 11:14:20,719 ERROR [http-nio-8080-exec-9] c.g.c.c.a.ExceptionAdvice [ExceptionAdvice.java:27] org.springframework.web.servlet.DispatcherServlet.doDispatch(DispatcherServlet.java:1060)
2021-01-27 11:14:20,719 ERROR [http-nio-8080-exec-9] c.g.c.c.a.ExceptionAdvice [ExceptionAdvice.java:27] org.springframework.web.servlet.DispatcherServlet.doService(DispatcherServlet.java:962)
2021-01-27 11:14:20,719 ERROR [http-nio-8080-exec-9] c.g.c.c.a.ExceptionAdvice [ExceptionAdvice.java:27] org.springframework.web.servlet.FrameworkServlet.processRequest(FrameworkServlet.java:1006)
2021-01-27 11:14:20,719 ERROR [http-nio-8080-exec-9] c.g.c.c.a.ExceptionAdvice [ExceptionAdvice.java:27] org.springframework.web.servlet.FrameworkServlet.doGet(FrameworkServlet.java:898)
2021-01-27 11:14:20,719 ERROR [http-nio-8080-exec-9] c.g.c.c.a.ExceptionAdvice [ExceptionAdvice.java:27] javax.servlet.http.HttpServlet.service(HttpServlet.java:626)
2021-01-27 11:14:20,719 ERROR [http-nio-8080-exec-9] c.g.c.c.a.ExceptionAdvice [ExceptionAdvice.java:27] org.springframework.web.servlet.FrameworkServlet.service(FrameworkServlet.java:883)
2021-01-27 11:14:20,719 ERROR [http-nio-8080-exec-9] c.g.c.c.a.ExceptionAdvice [ExceptionAdvice.java:27] javax.servlet.http.HttpServlet.service(HttpServlet.java:733)
2021-01-27 11:14:20,719 ERROR [http-nio-8080-exec-9] c.g.c.c.a.ExceptionAdvice [ExceptionAdvice.java:27] org.apache.catalina.core.ApplicationFilterChain.internalDoFilter(ApplicationFilterChain.java:231)
2021-01-27 11:14:20,719 ERROR [http-nio-8080-exec-9] c.g.c.c.a.ExceptionAdvice [ExceptionAdvice.java:27] org.apache.catalina.core.ApplicationFilterChain.doFilter(ApplicationFilterChain.java:166)
2021-01-27 11:14:20,720 ERROR [http-nio-8080-exec-9] c.g.c.c.a.ExceptionAdvice [ExceptionAdvice.java:27] org.apache.tomcat.websocket.server.WsFilter.doFilter(WsFilter.java:53)
2021-01-27 11:14:20,720 ERROR [http-nio-8080-exec-9] c.g.c.c.a.ExceptionAdvice [ExceptionAdvice.java:27] org.apache.catalina.core.ApplicationFilterChain.internalDoFilter(ApplicationFilterChain.java:193)
2021-01-27 11:14:20,720 ERROR [http-nio-8080-exec-9] c.g.c.c.a.ExceptionAdvice [ExceptionAdvice.java:27] org.apache.catalina.core.ApplicationFilterChain.doFilter(ApplicationFilterChain.java:166)
2021-01-27 11:14:20,720 ERROR [http-nio-8080-exec-9] c.g.c.c.a.ExceptionAdvice [ExceptionAdvice.java:27] org.springframework.web.filter.RequestContextFilter.doFilterInternal(RequestContextFilter.java:100)
2021-01-27 11:14:20,720 ERROR [http-nio-8080-exec-9] c.g.c.c.a.ExceptionAdvice [ExceptionAdvice.java:27] org.springframework.web.filter.OncePerRequestFilter.doFilter(OncePerRequestFilter.java:119)
2021-01-27 11:14:20,720 ERROR [http-nio-8080-exec-9] c.g.c.c.a.ExceptionAdvice [ExceptionAdvice.java:27] org.apache.catalina.core.ApplicationFilterChain.internalDoFilter(ApplicationFilterChain.java:193)
2021-01-27 11:14:20,720 ERROR [http-nio-8080-exec-9] c.g.c.c.a.ExceptionAdvice [ExceptionAdvice.java:27] org.apache.catalina.core.ApplicationFilterChain.doFilter(ApplicationFilterChain.java:166)
2021-01-27 11:14:20,720 ERROR [http-nio-8080-exec-9] c.g.c.c.a.ExceptionAdvice [ExceptionAdvice.java:27] org.springframework.web.filter.FormContentFilter.doFilterInternal(FormContentFilter.java:93)
2021-01-27 11:14:20,720 ERROR [http-nio-8080-exec-9] c.g.c.c.a.ExceptionAdvice [ExceptionAdvice.java:27] org.springframework.web.filter.OncePerRequestFilter.doFilter(OncePerRequestFilter.java:119)
2021-01-27 11:14:20,721 ERROR [http-nio-8080-exec-9] c.g.c.c.a.ExceptionAdvice [ExceptionAdvice.java:27] org.apache.catalina.core.ApplicationFilterChain.internalDoFilter(ApplicationFilterChain.java:193)
2021-01-27 11:14:20,721 ERROR [http-nio-8080-exec-9] c.g.c.c.a.ExceptionAdvice [ExceptionAdvice.java:27] org.apache.catalina.core.ApplicationFilterChain.doFilter(ApplicationFilterChain.java:166)
2021-01-27 11:14:20,721 ERROR [http-nio-8080-exec-9] c.g.c.c.a.ExceptionAdvice [ExceptionAdvice.java:27] org.springframework.web.filter.CharacterEncodingFilter.doFilterInternal(CharacterEncodingFilter.java:201)
2021-01-27 11:14:20,721 ERROR [http-nio-8080-exec-9] c.g.c.c.a.ExceptionAdvice [ExceptionAdvice.java:27] org.springframework.web.filter.OncePerRequestFilter.doFilter(OncePerRequestFilter.java:119)
2021-01-27 11:14:20,721 ERROR [http-nio-8080-exec-9] c.g.c.c.a.ExceptionAdvice [ExceptionAdvice.java:27] org.apache.catalina.core.ApplicationFilterChain.internalDoFilter(ApplicationFilterChain.java:193)
2021-01-27 11:14:20,721 ERROR [http-nio-8080-exec-9] c.g.c.c.a.ExceptionAdvice [ExceptionAdvice.java:27] org.apache.catalina.core.ApplicationFilterChain.doFilter(ApplicationFilterChain.java:166)
2021-01-27 11:14:20,721 ERROR [http-nio-8080-exec-9] c.g.c.c.a.ExceptionAdvice [ExceptionAdvice.java:27] org.apache.catalina.core.StandardWrapperValve.invoke(StandardWrapperValve.java:202)
2021-01-27 11:14:20,721 ERROR [http-nio-8080-exec-9] c.g.c.c.a.ExceptionAdvice [ExceptionAdvice.java:27] org.apache.catalina.core.StandardContextValve.invoke(StandardContextValve.java:97)
2021-01-27 11:14:20,721 ERROR [http-nio-8080-exec-9] c.g.c.c.a.ExceptionAdvice [ExceptionAdvice.java:27] org.apache.catalina.authenticator.AuthenticatorBase.invoke(AuthenticatorBase.java:542)
2021-01-27 11:14:20,722 ERROR [http-nio-8080-exec-9] c.g.c.c.a.ExceptionAdvice [ExceptionAdvice.java:27] org.apache.catalina.core.StandardHostValve.invoke(StandardHostValve.java:143)
2021-01-27 11:14:20,722 ERROR [http-nio-8080-exec-9] c.g.c.c.a.ExceptionAdvice [ExceptionAdvice.java:27] org.apache.catalina.valves.ErrorReportValve.invoke(ErrorReportValve.java:92)
2021-01-27 11:14:20,722 ERROR [http-nio-8080-exec-9] c.g.c.c.a.ExceptionAdvice [ExceptionAdvice.java:27] org.apache.catalina.core.StandardEngineValve.invoke(StandardEngineValve.java:78)
2021-01-27 11:14:20,722 ERROR [http-nio-8080-exec-9] c.g.c.c.a.ExceptionAdvice [ExceptionAdvice.java:27] org.apache.catalina.connector.CoyoteAdapter.service(CoyoteAdapter.java:343)
2021-01-27 11:14:20,722 ERROR [http-nio-8080-exec-9] c.g.c.c.a.ExceptionAdvice [ExceptionAdvice.java:27] org.apache.coyote.http11.Http11Processor.service(Http11Processor.java:374)
2021-01-27 11:14:20,722 ERROR [http-nio-8080-exec-9] c.g.c.c.a.ExceptionAdvice [ExceptionAdvice.java:27] org.apache.coyote.AbstractProcessorLight.process(AbstractProcessorLight.java:65)
2021-01-27 11:14:20,722 ERROR [http-nio-8080-exec-9] c.g.c.c.a.ExceptionAdvice [ExceptionAdvice.java:27] org.apache.coyote.AbstractProtocol$ConnectionHandler.process(AbstractProtocol.java:888)
2021-01-27 11:14:20,722 ERROR [http-nio-8080-exec-9] c.g.c.c.a.ExceptionAdvice [ExceptionAdvice.java:27] org.apache.tomcat.util.net.NioEndpoint$SocketProcessor.doRun(NioEndpoint.java:1597)
2021-01-27 11:14:20,723 ERROR [http-nio-8080-exec-9] c.g.c.c.a.ExceptionAdvice [ExceptionAdvice.java:27] org.apache.tomcat.util.net.SocketProcessorBase.run(SocketProcessorBase.java:49)
2021-01-27 11:14:20,723 ERROR [http-nio-8080-exec-9] c.g.c.c.a.ExceptionAdvice [ExceptionAdvice.java:27] java.util.concurrent.ThreadPoolExecutor.runWorker(ThreadPoolExecutor.java:1149)
2021-01-27 11:14:20,723 ERROR [http-nio-8080-exec-9] c.g.c.c.a.ExceptionAdvice [ExceptionAdvice.java:27] java.util.concurrent.ThreadPoolExecutor$Worker.run(ThreadPoolExecutor.java:624)
2021-01-27 11:14:20,723 ERROR [http-nio-8080-exec-9] c.g.c.c.a.ExceptionAdvice [ExceptionAdvice.java:27] org.apache.tomcat.util.threads.TaskThread$WrappingRunnable.run(TaskThread.java:61)
2021-01-27 11:14:20,723 ERROR [http-nio-8080-exec-9] c.g.c.c.a.ExceptionAdvice [ExceptionAdvice.java:27] java.lang.Thread.run(Thread.java:748)
2021-01-27 14:33:53,368 ERROR [http-nio-8080-exec-10] c.g.c.c.a.ExceptionAdvice [ExceptionAdvice.java:25] 服务器发生异常：Failed to convert value of type 'java.lang.String' to required type 'int'; nested exception is java.lang.NumberFormatException: For input string: "my-post.html"
2021-01-27 14:33:53,368 ERROR [http-nio-8080-exec-10] c.g.c.c.a.ExceptionAdvice [ExceptionAdvice.java:27] org.springframework.web.method.annotation.AbstractNamedValueMethodArgumentResolver.resolveArgument(AbstractNamedValueMethodArgumentResolver.java:133)
2021-01-27 14:33:53,368 ERROR [http-nio-8080-exec-10] c.g.c.c.a.ExceptionAdvice [ExceptionAdvice.java:27] org.springframework.web.method.support.HandlerMethodArgumentResolverComposite.resolveArgument(HandlerMethodArgumentResolverComposite.java:121)
2021-01-27 14:33:53,368 ERROR [http-nio-8080-exec-10] c.g.c.c.a.ExceptionAdvice [ExceptionAdvice.java:27] org.springframework.web.method.support.InvocableHandlerMethod.getMethodArgumentValues(InvocableHandlerMethod.java:170)
2021-01-27 14:33:53,368 ERROR [http-nio-8080-exec-10] c.g.c.c.a.ExceptionAdvice [ExceptionAdvice.java:27] org.springframework.web.method.support.InvocableHandlerMethod.invokeForRequest(InvocableHandlerMethod.java:137)
2021-01-27 14:33:53,369 ERROR [http-nio-8080-exec-10] c.g.c.c.a.ExceptionAdvice [ExceptionAdvice.java:27] org.springframework.web.servlet.mvc.method.annotation.ServletInvocableHandlerMethod.invokeAndHandle(ServletInvocableHandlerMethod.java:106)
2021-01-27 14:33:53,369 ERROR [http-nio-8080-exec-10] c.g.c.c.a.ExceptionAdvice [ExceptionAdvice.java:27] org.springframework.web.servlet.mvc.method.annotation.RequestMappingHandlerAdapter.invokeHandlerMethod(RequestMappingHandlerAdapter.java:894)
2021-01-27 14:33:53,369 ERROR [http-nio-8080-exec-10] c.g.c.c.a.ExceptionAdvice [ExceptionAdvice.java:27] org.springframework.web.servlet.mvc.method.annotation.RequestMappingHandlerAdapter.handleInternal(RequestMappingHandlerAdapter.java:808)
2021-01-27 14:33:53,369 ERROR [http-nio-8080-exec-10] c.g.c.c.a.ExceptionAdvice [ExceptionAdvice.java:27] org.springframework.web.servlet.mvc.method.AbstractHandlerMethodAdapter.handle(AbstractHandlerMethodAdapter.java:87)
2021-01-27 14:33:53,369 ERROR [http-nio-8080-exec-10] c.g.c.c.a.ExceptionAdvice [ExceptionAdvice.java:27] org.springframework.web.servlet.DispatcherServlet.doDispatch(DispatcherServlet.java:1060)
2021-01-27 14:33:53,369 ERROR [http-nio-8080-exec-10] c.g.c.c.a.ExceptionAdvice [ExceptionAdvice.java:27] org.springframework.web.servlet.DispatcherServlet.doService(DispatcherServlet.java:962)
2021-01-27 14:33:53,369 ERROR [http-nio-8080-exec-10] c.g.c.c.a.ExceptionAdvice [ExceptionAdvice.java:27] org.springframework.web.servlet.FrameworkServlet.processRequest(FrameworkServlet.java:1006)
2021-01-27 14:33:53,369 ERROR [http-nio-8080-exec-10] c.g.c.c.a.ExceptionAdvice [ExceptionAdvice.java:27] org.springframework.web.servlet.FrameworkServlet.doGet(FrameworkServlet.java:898)
2021-01-27 14:33:53,370 ERROR [http-nio-8080-exec-10] c.g.c.c.a.ExceptionAdvice [ExceptionAdvice.java:27] javax.servlet.http.HttpServlet.service(HttpServlet.java:626)
2021-01-27 14:33:53,370 ERROR [http-nio-8080-exec-10] c.g.c.c.a.ExceptionAdvice [ExceptionAdvice.java:27] org.springframework.web.servlet.FrameworkServlet.service(FrameworkServlet.java:883)
2021-01-27 14:33:53,370 ERROR [http-nio-8080-exec-10] c.g.c.c.a.ExceptionAdvice [ExceptionAdvice.java:27] javax.servlet.http.HttpServlet.service(HttpServlet.java:733)
2021-01-27 14:33:53,370 ERROR [http-nio-8080-exec-10] c.g.c.c.a.ExceptionAdvice [ExceptionAdvice.java:27] org.apache.catalina.core.ApplicationFilterChain.internalDoFilter(ApplicationFilterChain.java:231)
2021-01-27 14:33:53,370 ERROR [http-nio-8080-exec-10] c.g.c.c.a.ExceptionAdvice [ExceptionAdvice.java:27] org.apache.catalina.core.ApplicationFilterChain.doFilter(ApplicationFilterChain.java:166)
2021-01-27 14:33:53,370 ERROR [http-nio-8080-exec-10] c.g.c.c.a.ExceptionAdvice [ExceptionAdvice.java:27] org.apache.tomcat.websocket.server.WsFilter.doFilter(WsFilter.java:53)
2021-01-27 14:33:53,370 ERROR [http-nio-8080-exec-10] c.g.c.c.a.ExceptionAdvice [ExceptionAdvice.java:27] org.apache.catalina.core.ApplicationFilterChain.internalDoFilter(ApplicationFilterChain.java:193)
2021-01-27 14:33:53,370 ERROR [http-nio-8080-exec-10] c.g.c.c.a.ExceptionAdvice [ExceptionAdvice.java:27] org.apache.catalina.core.ApplicationFilterChain.doFilter(ApplicationFilterChain.java:166)
2021-01-27 14:33:53,370 ERROR [http-nio-8080-exec-10] c.g.c.c.a.ExceptionAdvice [ExceptionAdvice.java:27] org.springframework.web.filter.RequestContextFilter.doFilterInternal(RequestContextFilter.java:100)
2021-01-27 14:33:53,371 ERROR [http-nio-8080-exec-10] c.g.c.c.a.ExceptionAdvice [ExceptionAdvice.java:27] org.springframework.web.filter.OncePerRequestFilter.doFilter(OncePerRequestFilter.java:119)
2021-01-27 14:33:53,371 ERROR [http-nio-8080-exec-10] c.g.c.c.a.ExceptionAdvice [ExceptionAdvice.java:27] org.apache.catalina.core.ApplicationFilterChain.internalDoFilter(ApplicationFilterChain.java:193)
2021-01-27 14:33:53,371 ERROR [http-nio-8080-exec-10] c.g.c.c.a.ExceptionAdvice [ExceptionAdvice.java:27] org.apache.catalina.core.ApplicationFilterChain.doFilter(ApplicationFilterChain.java:166)
2021-01-27 14:33:53,371 ERROR [http-nio-8080-exec-10] c.g.c.c.a.ExceptionAdvice [ExceptionAdvice.java:27] org.springframework.web.filter.FormContentFilter.doFilterInternal(FormContentFilter.java:93)
2021-01-27 14:33:53,371 ERROR [http-nio-8080-exec-10] c.g.c.c.a.ExceptionAdvice [ExceptionAdvice.java:27] org.springframework.web.filter.OncePerRequestFilter.doFilter(OncePerRequestFilter.java:119)
2021-01-27 14:33:53,371 ERROR [http-nio-8080-exec-10] c.g.c.c.a.ExceptionAdvice [ExceptionAdvice.java:27] org.apache.catalina.core.ApplicationFilterChain.internalDoFilter(ApplicationFilterChain.java:193)
2021-01-27 14:33:53,371 ERROR [http-nio-8080-exec-10] c.g.c.c.a.ExceptionAdvice [ExceptionAdvice.java:27] org.apache.catalina.core.ApplicationFilterChain.doFilter(ApplicationFilterChain.java:166)
2021-01-27 14:33:53,371 ERROR [http-nio-8080-exec-10] c.g.c.c.a.ExceptionAdvice [ExceptionAdvice.java:27] org.springframework.web.filter.CharacterEncodingFilter.doFilterInternal(CharacterEncodingFilter.java:201)
2021-01-27 14:33:53,371 ERROR [http-nio-8080-exec-10] c.g.c.c.a.ExceptionAdvice [ExceptionAdvice.java:27] org.springframework.web.filter.OncePerRequestFilter.doFilter(OncePerRequestFilter.java:119)
2021-01-27 14:33:53,372 ERROR [http-nio-8080-exec-10] c.g.c.c.a.ExceptionAdvice [ExceptionAdvice.java:27] org.apache.catalina.core.ApplicationFilterChain.internalDoFilter(ApplicationFilterChain.java:193)
2021-01-27 14:33:53,372 ERROR [http-nio-8080-exec-10] c.g.c.c.a.ExceptionAdvice [ExceptionAdvice.java:27] org.apache.catalina.core.ApplicationFilterChain.doFilter(ApplicationFilterChain.java:166)
2021-01-27 14:33:53,372 ERROR [http-nio-8080-exec-10] c.g.c.c.a.ExceptionAdvice [ExceptionAdvice.java:27] org.apache.catalina.core.StandardWrapperValve.invoke(StandardWrapperValve.java:202)
2021-01-27 14:33:53,372 ERROR [http-nio-8080-exec-10] c.g.c.c.a.ExceptionAdvice [ExceptionAdvice.java:27] org.apache.catalina.core.StandardContextValve.invoke(StandardContextValve.java:97)
2021-01-27 14:33:53,372 ERROR [http-nio-8080-exec-10] c.g.c.c.a.ExceptionAdvice [ExceptionAdvice.java:27] org.apache.catalina.authenticator.AuthenticatorBase.invoke(AuthenticatorBase.java:542)
2021-01-27 14:33:53,372 ERROR [http-nio-8080-exec-10] c.g.c.c.a.ExceptionAdvice [ExceptionAdvice.java:27] org.apache.catalina.core.StandardHostValve.invoke(StandardHostValve.java:143)
2021-01-27 14:33:53,372 ERROR [http-nio-8080-exec-10] c.g.c.c.a.ExceptionAdvice [ExceptionAdvice.java:27] org.apache.catalina.valves.ErrorReportValve.invoke(ErrorReportValve.java:92)
2021-01-27 14:33:53,373 ERROR [http-nio-8080-exec-10] c.g.c.c.a.ExceptionAdvice [ExceptionAdvice.java:27] org.apache.catalina.core.StandardEngineValve.invoke(StandardEngineValve.java:78)
2021-01-27 14:33:53,373 ERROR [http-nio-8080-exec-10] c.g.c.c.a.ExceptionAdvice [ExceptionAdvice.java:27] org.apache.catalina.connector.CoyoteAdapter.service(CoyoteAdapter.java:343)
2021-01-27 14:33:53,373 ERROR [http-nio-8080-exec-10] c.g.c.c.a.ExceptionAdvice [ExceptionAdvice.java:27] org.apache.coyote.http11.Http11Processor.service(Http11Processor.java:374)
2021-01-27 14:33:53,373 ERROR [http-nio-8080-exec-10] c.g.c.c.a.ExceptionAdvice [ExceptionAdvice.java:27] org.apache.coyote.AbstractProcessorLight.process(AbstractProcessorLight.java:65)
2021-01-27 14:33:53,373 ERROR [http-nio-8080-exec-10] c.g.c.c.a.ExceptionAdvice [ExceptionAdvice.java:27] org.apache.coyote.AbstractProtocol$ConnectionHandler.process(AbstractProtocol.java:888)
2021-01-27 14:33:53,373 ERROR [http-nio-8080-exec-10] c.g.c.c.a.ExceptionAdvice [ExceptionAdvice.java:27] org.apache.tomcat.util.net.NioEndpoint$SocketProcessor.doRun(NioEndpoint.java:1597)
2021-01-27 14:33:53,373 ERROR [http-nio-8080-exec-10] c.g.c.c.a.ExceptionAdvice [ExceptionAdvice.java:27] org.apache.tomcat.util.net.SocketProcessorBase.run(SocketProcessorBase.java:49)
2021-01-27 14:33:53,373 ERROR [http-nio-8080-exec-10] c.g.c.c.a.ExceptionAdvice [ExceptionAdvice.java:27] java.util.concurrent.ThreadPoolExecutor.runWorker(ThreadPoolExecutor.java:1149)
2021-01-27 14:33:53,374 ERROR [http-nio-8080-exec-10] c.g.c.c.a.ExceptionAdvice [ExceptionAdvice.java:27] java.util.concurrent.ThreadPoolExecutor$Worker.run(ThreadPoolExecutor.java:624)
2021-01-27 14:33:53,374 ERROR [http-nio-8080-exec-10] c.g.c.c.a.ExceptionAdvice [ExceptionAdvice.java:27] org.apache.tomcat.util.threads.TaskThread$WrappingRunnable.run(TaskThread.java:61)
2021-01-27 14:33:53,374 ERROR [http-nio-8080-exec-10] c.g.c.c.a.ExceptionAdvice [ExceptionAdvice.java:27] java.lang.Thread.run(Thread.java:748)
2021-01-27 14:33:54,764 ERROR [http-nio-8080-exec-10] c.g.c.c.a.ExceptionAdvice [ExceptionAdvice.java:25] 服务器发生异常：Failed to convert value of type 'java.lang.String' to required type 'int'; nested exception is java.lang.NumberFormatException: For input string: "my-reply.html"
2021-01-27 14:33:54,765 ERROR [http-nio-8080-exec-10] c.g.c.c.a.ExceptionAdvice [ExceptionAdvice.java:27] org.springframework.web.method.annotation.AbstractNamedValueMethodArgumentResolver.resolveArgument(AbstractNamedValueMethodArgumentResolver.java:133)
2021-01-27 14:33:54,765 ERROR [http-nio-8080-exec-10] c.g.c.c.a.ExceptionAdvice [ExceptionAdvice.java:27] org.springframework.web.method.support.HandlerMethodArgumentResolverComposite.resolveArgument(HandlerMethodArgumentResolverComposite.java:121)
2021-01-27 14:33:54,765 ERROR [http-nio-8080-exec-10] c.g.c.c.a.ExceptionAdvice [ExceptionAdvice.java:27] org.springframework.web.method.support.InvocableHandlerMethod.getMethodArgumentValues(InvocableHandlerMethod.java:170)
2021-01-27 14:33:54,765 ERROR [http-nio-8080-exec-10] c.g.c.c.a.ExceptionAdvice [ExceptionAdvice.java:27] org.springframework.web.method.support.InvocableHandlerMethod.invokeForRequest(InvocableHandlerMethod.java:137)
2021-01-27 14:33:54,765 ERROR [http-nio-8080-exec-10] c.g.c.c.a.ExceptionAdvice [ExceptionAdvice.java:27] org.springframework.web.servlet.mvc.method.annotation.ServletInvocableHandlerMethod.invokeAndHandle(ServletInvocableHandlerMethod.java:106)
2021-01-27 14:33:54,765 ERROR [http-nio-8080-exec-10] c.g.c.c.a.ExceptionAdvice [ExceptionAdvice.java:27] org.springframework.web.servlet.mvc.method.annotation.RequestMappingHandlerAdapter.invokeHandlerMethod(RequestMappingHandlerAdapter.java:894)
2021-01-27 14:33:54,765 ERROR [http-nio-8080-exec-10] c.g.c.c.a.ExceptionAdvice [ExceptionAdvice.java:27] org.springframework.web.servlet.mvc.method.annotation.RequestMappingHandlerAdapter.handleInternal(RequestMappingHandlerAdapter.java:808)
2021-01-27 14:33:54,765 ERROR [http-nio-8080-exec-10] c.g.c.c.a.ExceptionAdvice [ExceptionAdvice.java:27] org.springframework.web.servlet.mvc.method.AbstractHandlerMethodAdapter.handle(AbstractHandlerMethodAdapter.java:87)
2021-01-27 14:33:54,765 ERROR [http-nio-8080-exec-10] c.g.c.c.a.ExceptionAdvice [ExceptionAdvice.java:27] org.springframework.web.servlet.DispatcherServlet.doDispatch(DispatcherServlet.java:1060)
2021-01-27 14:33:54,766 ERROR [http-nio-8080-exec-10] c.g.c.c.a.ExceptionAdvice [ExceptionAdvice.java:27] org.springframework.web.servlet.DispatcherServlet.doService(DispatcherServlet.java:962)
2021-01-27 14:33:54,766 ERROR [http-nio-8080-exec-10] c.g.c.c.a.ExceptionAdvice [ExceptionAdvice.java:27] org.springframework.web.servlet.FrameworkServlet.processRequest(FrameworkServlet.java:1006)
2021-01-27 14:33:54,766 ERROR [http-nio-8080-exec-10] c.g.c.c.a.ExceptionAdvice [ExceptionAdvice.java:27] org.springframework.web.servlet.FrameworkServlet.doGet(FrameworkServlet.java:898)
2021-01-27 14:33:54,766 ERROR [http-nio-8080-exec-10] c.g.c.c.a.ExceptionAdvice [ExceptionAdvice.java:27] javax.servlet.http.HttpServlet.service(HttpServlet.java:626)
2021-01-27 14:33:54,766 ERROR [http-nio-8080-exec-10] c.g.c.c.a.ExceptionAdvice [ExceptionAdvice.java:27] org.springframework.web.servlet.FrameworkServlet.service(FrameworkServlet.java:883)
2021-01-27 14:33:54,766 ERROR [http-nio-8080-exec-10] c.g.c.c.a.ExceptionAdvice [ExceptionAdvice.java:27] javax.servlet.http.HttpServlet.service(HttpServlet.java:733)
2021-01-27 14:33:54,766 ERROR [http-nio-8080-exec-10] c.g.c.c.a.ExceptionAdvice [ExceptionAdvice.java:27] org.apache.catalina.core.ApplicationFilterChain.internalDoFilter(ApplicationFilterChain.java:231)
2021-01-27 14:33:54,766 ERROR [http-nio-8080-exec-10] c.g.c.c.a.ExceptionAdvice [ExceptionAdvice.java:27] org.apache.catalina.core.ApplicationFilterChain.doFilter(ApplicationFilterChain.java:166)
2021-01-27 14:33:54,766 ERROR [http-nio-8080-exec-10] c.g.c.c.a.ExceptionAdvice [ExceptionAdvice.java:27] org.apache.tomcat.websocket.server.WsFilter.doFilter(WsFilter.java:53)
2021-01-27 14:33:54,767 ERROR [http-nio-8080-exec-10] c.g.c.c.a.ExceptionAdvice [ExceptionAdvice.java:27] org.apache.catalina.core.ApplicationFilterChain.internalDoFilter(ApplicationFilterChain.java:193)
2021-01-27 14:33:54,767 ERROR [http-nio-8080-exec-10] c.g.c.c.a.ExceptionAdvice [ExceptionAdvice.java:27] org.apache.catalina.core.ApplicationFilterChain.doFilter(ApplicationFilterChain.java:166)
2021-01-27 14:33:54,767 ERROR [http-nio-8080-exec-10] c.g.c.c.a.ExceptionAdvice [ExceptionAdvice.java:27] org.springframework.web.filter.RequestContextFilter.doFilterInternal(RequestContextFilter.java:100)
2021-01-27 14:33:54,767 ERROR [http-nio-8080-exec-10] c.g.c.c.a.ExceptionAdvice [ExceptionAdvice.java:27] org.springframework.web.filter.OncePerRequestFilter.doFilter(OncePerRequestFilter.java:119)
2021-01-27 14:33:54,767 ERROR [http-nio-8080-exec-10] c.g.c.c.a.ExceptionAdvice [ExceptionAdvice.java:27] org.apache.catalina.core.ApplicationFilterChain.internalDoFilter(ApplicationFilterChain.java:193)
2021-01-27 14:33:54,767 ERROR [http-nio-8080-exec-10] c.g.c.c.a.ExceptionAdvice [ExceptionAdvice.java:27] org.apache.catalina.core.ApplicationFilterChain.doFilter(ApplicationFilterChain.java:166)
2021-01-27 14:33:54,767 ERROR [http-nio-8080-exec-10] c.g.c.c.a.ExceptionAdvice [ExceptionAdvice.java:27] org.springframework.web.filter.FormContentFilter.doFilterInternal(FormContentFilter.java:93)
2021-01-27 14:33:54,767 ERROR [http-nio-8080-exec-10] c.g.c.c.a.ExceptionAdvice [ExceptionAdvice.java:27] org.springframework.web.filter.OncePerRequestFilter.doFilter(OncePerRequestFilter.java:119)
2021-01-27 14:33:54,767 ERROR [http-nio-8080-exec-10] c.g.c.c.a.ExceptionAdvice [ExceptionAdvice.java:27] org.apache.catalina.core.ApplicationFilterChain.internalDoFilter(ApplicationFilterChain.java:193)
2021-01-27 14:33:54,767 ERROR [http-nio-8080-exec-10] c.g.c.c.a.ExceptionAdvice [ExceptionAdvice.java:27] org.apache.catalina.core.ApplicationFilterChain.doFilter(ApplicationFilterChain.java:166)
2021-01-27 14:33:54,768 ERROR [http-nio-8080-exec-10] c.g.c.c.a.ExceptionAdvice [ExceptionAdvice.java:27] org.springframework.web.filter.CharacterEncodingFilter.doFilterInternal(CharacterEncodingFilter.java:201)
2021-01-27 14:33:54,768 ERROR [http-nio-8080-exec-10] c.g.c.c.a.ExceptionAdvice [ExceptionAdvice.java:27] org.springframework.web.filter.OncePerRequestFilter.doFilter(OncePerRequestFilter.java:119)
2021-01-27 14:33:54,768 ERROR [http-nio-8080-exec-10] c.g.c.c.a.ExceptionAdvice [ExceptionAdvice.java:27] org.apache.catalina.core.ApplicationFilterChain.internalDoFilter(ApplicationFilterChain.java:193)
2021-01-27 14:33:54,768 ERROR [http-nio-8080-exec-10] c.g.c.c.a.ExceptionAdvice [ExceptionAdvice.java:27] org.apache.catalina.core.ApplicationFilterChain.doFilter(ApplicationFilterChain.java:166)
2021-01-27 14:33:54,768 ERROR [http-nio-8080-exec-10] c.g.c.c.a.ExceptionAdvice [ExceptionAdvice.java:27] org.apache.catalina.core.StandardWrapperValve.invoke(StandardWrapperValve.java:202)
2021-01-27 14:33:54,768 ERROR [http-nio-8080-exec-10] c.g.c.c.a.ExceptionAdvice [ExceptionAdvice.java:27] org.apache.catalina.core.StandardContextValve.invoke(StandardContextValve.java:97)
2021-01-27 14:33:54,768 ERROR [http-nio-8080-exec-10] c.g.c.c.a.ExceptionAdvice [ExceptionAdvice.java:27] org.apache.catalina.authenticator.AuthenticatorBase.invoke(AuthenticatorBase.java:542)
2021-01-27 14:33:54,768 ERROR [http-nio-8080-exec-10] c.g.c.c.a.ExceptionAdvice [ExceptionAdvice.java:27] org.apache.catalina.core.StandardHostValve.invoke(StandardHostValve.java:143)
2021-01-27 14:33:54,768 ERROR [http-nio-8080-exec-10] c.g.c.c.a.ExceptionAdvice [ExceptionAdvice.java:27] org.apache.catalina.valves.ErrorReportValve.invoke(ErrorReportValve.java:92)
2021-01-27 14:33:54,768 ERROR [http-nio-8080-exec-10] c.g.c.c.a.ExceptionAdvice [ExceptionAdvice.java:27] org.apache.catalina.core.StandardEngineValve.invoke(StandardEngineValve.java:78)
2021-01-27 14:33:54,768 ERROR [http-nio-8080-exec-10] c.g.c.c.a.ExceptionAdvice [ExceptionAdvice.java:27] org.apache.catalina.connector.CoyoteAdapter.service(CoyoteAdapter.java:343)
2021-01-27 14:33:54,769 ERROR [http-nio-8080-exec-10] c.g.c.c.a.ExceptionAdvice [ExceptionAdvice.java:27] org.apache.coyote.http11.Http11Processor.service(Http11Processor.java:374)
2021-01-27 14:33:54,769 ERROR [http-nio-8080-exec-10] c.g.c.c.a.ExceptionAdvice [ExceptionAdvice.java:27] org.apache.coyote.AbstractProcessorLight.process(AbstractProcessorLight.java:65)
2021-01-27 14:33:54,769 ERROR [http-nio-8080-exec-10] c.g.c.c.a.ExceptionAdvice [ExceptionAdvice.java:27] org.apache.coyote.AbstractProtocol$ConnectionHandler.process(AbstractProtocol.java:888)
2021-01-27 14:33:54,769 ERROR [http-nio-8080-exec-10] c.g.c.c.a.ExceptionAdvice [ExceptionAdvice.java:27] org.apache.tomcat.util.net.NioEndpoint$SocketProcessor.doRun(NioEndpoint.java:1597)
2021-01-27 14:33:54,769 ERROR [http-nio-8080-exec-10] c.g.c.c.a.ExceptionAdvice [ExceptionAdvice.java:27] org.apache.tomcat.util.net.SocketProcessorBase.run(SocketProcessorBase.java:49)
2021-01-27 14:33:54,769 ERROR [http-nio-8080-exec-10] c.g.c.c.a.ExceptionAdvice [ExceptionAdvice.java:27] java.util.concurrent.ThreadPoolExecutor.runWorker(ThreadPoolExecutor.java:1149)
2021-01-27 14:33:54,769 ERROR [http-nio-8080-exec-10] c.g.c.c.a.ExceptionAdvice [ExceptionAdvice.java:27] java.util.concurrent.ThreadPoolExecutor$Worker.run(ThreadPoolExecutor.java:624)
2021-01-27 14:33:54,769 ERROR [http-nio-8080-exec-10] c.g.c.c.a.ExceptionAdvice [ExceptionAdvice.java:27] org.apache.tomcat.util.threads.TaskThread$WrappingRunnable.run(TaskThread.java:61)
2021-01-27 14:33:54,769 ERROR [http-nio-8080-exec-10] c.g.c.c.a.ExceptionAdvice [ExceptionAdvice.java:27] java.lang.Thread.run(Thread.java:748)
