2021-02-06 15:42:11,487 WARN [restartedMain] o.a.k.c.NetworkClient [NetworkClient.java:671] [Consumer clientId=consumer-1, groupId=test-consumer-group] Connection to node -1 could not be established. Broker may not be available.
2021-02-06 15:42:13,594 WARN [restartedMain] o.a.k.c.NetworkClient [NetworkClient.java:671] [Consumer clientId=consumer-1, groupId=test-consumer-group] Connection to node -1 could not be established. Broker may not be available.
2021-02-06 15:42:15,700 WARN [restartedMain] o.a.k.c.NetworkClient [NetworkClient.java:671] [Consumer clientId=consumer-1, groupId=test-consumer-group] Connection to node -1 could not be established. Broker may not be available.
2021-02-06 15:42:17,909 WARN [restartedMain] o.a.k.c.NetworkClient [NetworkClient.java:671] [Consumer clientId=consumer-1, groupId=test-consumer-group] Connection to node -1 could not be established. Broker may not be available.
2021-02-06 15:42:20,316 WARN [restartedMain] o.a.k.c.NetworkClient [NetworkClient.java:671] [Consumer clientId=consumer-1, groupId=test-consumer-group] Connection to node -1 could not be established. Broker may not be available.
2021-02-06 15:42:23,222 WARN [restartedMain] o.a.k.c.NetworkClient [NetworkClient.java:671] [Consumer clientId=consumer-1, groupId=test-consumer-group] Connection to node -1 could not be established. Broker may not be available.
2021-02-06 15:42:26,332 WARN [restartedMain] o.a.k.c.NetworkClient [NetworkClient.java:671] [Consumer clientId=consumer-1, groupId=test-consumer-group] Connection to node -1 could not be established. Broker may not be available.
2021-02-06 15:42:29,340 WARN [restartedMain] o.a.k.c.NetworkClient [NetworkClient.java:671] [Consumer clientId=consumer-1, groupId=test-consumer-group] Connection to node -1 could not be established. Broker may not be available.
2021-02-06 15:42:32,550 WARN [restartedMain] o.a.k.c.NetworkClient [NetworkClient.java:671] [Consumer clientId=consumer-1, groupId=test-consumer-group] Connection to node -1 could not be established. Broker may not be available.
2021-02-06 15:42:35,760 WARN [restartedMain] o.a.k.c.NetworkClient [NetworkClient.java:671] [Consumer clientId=consumer-1, groupId=test-consumer-group] Connection to node -1 could not be established. Broker may not be available.
2021-02-06 15:42:38,769 WARN [restartedMain] o.a.k.c.NetworkClient [NetworkClient.java:671] [Consumer clientId=consumer-1, groupId=test-consumer-group] Connection to node -1 could not be established. Broker may not be available.
2021-02-06 15:42:41,877 WARN [restartedMain] o.a.k.c.NetworkClient [NetworkClient.java:671] [Consumer clientId=consumer-1, groupId=test-consumer-group] Connection to node -1 could not be established. Broker may not be available.
2021-02-06 15:42:44,984 WARN [restartedMain] o.a.k.c.NetworkClient [NetworkClient.java:671] [Consumer clientId=consumer-1, groupId=test-consumer-group] Connection to node -1 could not be established. Broker may not be available.
2021-02-06 15:42:47,994 WARN [restartedMain] o.a.k.c.NetworkClient [NetworkClient.java:671] [Consumer clientId=consumer-1, groupId=test-consumer-group] Connection to node -1 could not be established. Broker may not be available.
2021-02-06 15:42:51,101 WARN [restartedMain] o.a.k.c.NetworkClient [NetworkClient.java:671] [Consumer clientId=consumer-1, groupId=test-consumer-group] Connection to node -1 could not be established. Broker may not be available.
2021-02-06 15:42:54,110 WARN [restartedMain] o.a.k.c.NetworkClient [NetworkClient.java:671] [Consumer clientId=consumer-1, groupId=test-consumer-group] Connection to node -1 could not be established. Broker may not be available.
2021-02-06 15:42:57,318 WARN [restartedMain] o.a.k.c.NetworkClient [NetworkClient.java:671] [Consumer clientId=consumer-1, groupId=test-consumer-group] Connection to node -1 could not be established. Broker may not be available.
2021-02-06 15:43:00,234 WARN [restartedMain] o.a.k.c.NetworkClient [NetworkClient.java:671] [Consumer clientId=consumer-1, groupId=test-consumer-group] Connection to node -1 could not be established. Broker may not be available.
2021-02-06 15:43:03,143 WARN [restartedMain] o.a.k.c.NetworkClient [NetworkClient.java:671] [Consumer clientId=consumer-1, groupId=test-consumer-group] Connection to node -1 could not be established. Broker may not be available.
2021-02-06 15:43:06,254 WARN [restartedMain] o.a.k.c.NetworkClient [NetworkClient.java:671] [Consumer clientId=consumer-1, groupId=test-consumer-group] Connection to node -1 could not be established. Broker may not be available.
2021-02-06 15:43:09,161 WARN [restartedMain] o.a.k.c.NetworkClient [NetworkClient.java:671] [Consumer clientId=consumer-1, groupId=test-consumer-group] Connection to node -1 could not be established. Broker may not be available.
2021-02-06 15:43:09,467 WARN [restartedMain] o.s.b.w.s.c.AnnotationConfigServletWebServerApplicationContext [AbstractApplicationContext.java:557] Exception encountered during context initialization - cancelling refresh attempt: org.springframework.context.ApplicationContextException: Failed to start bean 'org.springframework.kafka.config.internalKafkaListenerEndpointRegistry'; nested exception is org.apache.kafka.common.errors.TimeoutException: Timeout expired while fetching topic metadata
2021-02-06 15:45:36,751 WARN [org.springframework.kafka.KafkaListenerEndpointContainer#1-0-C-1] o.a.k.c.NetworkClient [NetworkClient.java:671] [Consumer clientId=consumer-8, groupId=test-consumer-group] Connection to node 0 could not be established. Broker may not be available.
2021-02-06 15:45:36,789 WARN [org.springframework.kafka.KafkaListenerEndpointContainer#0-0-C-1] o.a.k.c.NetworkClient [NetworkClient.java:671] [Consumer clientId=consumer-6, groupId=test-consumer-group] Connection to node 0 could not be established. Broker may not be available.
2021-02-06 15:45:36,789 WARN [org.springframework.kafka.KafkaListenerEndpointContainer#3-0-C-1] o.a.k.c.NetworkClient [NetworkClient.java:671] [Consumer clientId=consumer-4, groupId=test-consumer-group] Connection to node 0 could not be established. Broker may not be available.
2021-02-06 15:45:36,798 WARN [org.springframework.kafka.KafkaListenerEndpointContainer#2-0-C-1] o.a.k.c.NetworkClient [NetworkClient.java:671] [Consumer clientId=consumer-2, groupId=test-consumer-group] Connection to node 0 could not be established. Broker may not be available.
2021-02-06 15:45:38,853 WARN [org.springframework.kafka.KafkaListenerEndpointContainer#1-0-C-1] o.a.k.c.NetworkClient [NetworkClient.java:671] [Consumer clientId=consumer-8, groupId=test-consumer-group] Connection to node 0 could not be established. Broker may not be available.
2021-02-06 15:45:38,893 WARN [org.springframework.kafka.KafkaListenerEndpointContainer#0-0-C-1] o.a.k.c.NetworkClient [NetworkClient.java:671] [Consumer clientId=consumer-6, groupId=test-consumer-group] Connection to node 0 could not be established. Broker may not be available.
2021-02-06 15:45:38,909 WARN [org.springframework.kafka.KafkaListenerEndpointContainer#2-0-C-1] o.a.k.c.NetworkClient [NetworkClient.java:671] [Consumer clientId=consumer-2, groupId=test-consumer-group] Connection to node 0 could not be established. Broker may not be available.
2021-02-06 15:45:38,946 WARN [org.springframework.kafka.KafkaListenerEndpointContainer#3-0-C-1] o.a.k.c.NetworkClient [NetworkClient.java:671] [Consumer clientId=consumer-4, groupId=test-consumer-group] Connection to node 0 could not be established. Broker may not be available.
2021-02-06 15:45:41,061 WARN [org.springframework.kafka.KafkaListenerEndpointContainer#1-0-C-1] o.a.k.c.NetworkClient [NetworkClient.java:671] [Consumer clientId=consumer-8, groupId=test-consumer-group] Connection to node 0 could not be established. Broker may not be available.
2021-02-06 15:45:41,100 WARN [org.springframework.kafka.KafkaListenerEndpointContainer#0-0-C-1] o.a.k.c.NetworkClient [NetworkClient.java:671] [Consumer clientId=consumer-6, groupId=test-consumer-group] Connection to node 0 could not be established. Broker may not be available.
2021-02-06 15:45:41,118 WARN [org.springframework.kafka.KafkaListenerEndpointContainer#2-0-C-1] o.a.k.c.NetworkClient [NetworkClient.java:671] [Consumer clientId=consumer-2, groupId=test-consumer-group] Connection to node 0 could not be established. Broker may not be available.
2021-02-06 15:45:41,153 WARN [org.springframework.kafka.KafkaListenerEndpointContainer#3-0-C-1] o.a.k.c.NetworkClient [NetworkClient.java:671] [Consumer clientId=consumer-4, groupId=test-consumer-group] Connection to node 0 could not be established. Broker may not be available.
2021-02-06 15:45:43,471 WARN [org.springframework.kafka.KafkaListenerEndpointContainer#1-0-C-1] o.a.k.c.NetworkClient [NetworkClient.java:671] [Consumer clientId=consumer-8, groupId=test-consumer-group] Connection to node 0 could not be established. Broker may not be available.
2021-02-06 15:45:43,513 WARN [org.springframework.kafka.KafkaListenerEndpointContainer#3-0-C-1] o.a.k.c.NetworkClient [NetworkClient.java:671] [Consumer clientId=consumer-4, groupId=test-consumer-group] Connection to node 0 could not be established. Broker may not be available.
2021-02-06 15:45:43,530 WARN [org.springframework.kafka.KafkaListenerEndpointContainer#2-0-C-1] o.a.k.c.NetworkClient [NetworkClient.java:671] [Consumer clientId=consumer-2, groupId=test-consumer-group] Connection to node 0 could not be established. Broker may not be available.
2021-02-06 15:45:43,610 WARN [org.springframework.kafka.KafkaListenerEndpointContainer#0-0-C-1] o.a.k.c.NetworkClient [NetworkClient.java:671] [Consumer clientId=consumer-6, groupId=test-consumer-group] Connection to node 0 could not be established. Broker may not be available.
2021-02-06 15:45:46,242 WARN [org.springframework.kafka.KafkaListenerEndpointContainer#2-0-C-1] o.a.k.c.NetworkClient [NetworkClient.java:671] [Consumer clientId=consumer-2, groupId=test-consumer-group] Connection to node 0 could not be established. Broker may not be available.
2021-02-06 15:45:46,278 WARN [org.springframework.kafka.KafkaListenerEndpointContainer#3-0-C-1] o.a.k.c.NetworkClient [NetworkClient.java:671] [Consumer clientId=consumer-4, groupId=test-consumer-group] Connection to node 0 could not be established. Broker may not be available.
2021-02-06 15:45:46,436 WARN [org.springframework.kafka.KafkaListenerEndpointContainer#1-0-C-1] o.a.k.c.NetworkClient [NetworkClient.java:671] [Consumer clientId=consumer-8, groupId=test-consumer-group] Connection to node 0 could not be established. Broker may not be available.
2021-02-06 15:45:46,524 WARN [org.springframework.kafka.KafkaListenerEndpointContainer#0-0-C-1] o.a.k.c.NetworkClient [NetworkClient.java:671] [Consumer clientId=consumer-6, groupId=test-consumer-group] Connection to node 0 could not be established. Broker may not be available.
2021-02-06 15:45:49,139 WARN [org.springframework.kafka.KafkaListenerEndpointContainer#3-0-C-1] o.a.k.c.NetworkClient [NetworkClient.java:671] [Consumer clientId=consumer-4, groupId=test-consumer-group] Connection to node 0 could not be established. Broker may not be available.
2021-02-06 15:45:49,409 WARN [org.springframework.kafka.KafkaListenerEndpointContainer#2-0-C-1] o.a.k.c.NetworkClient [NetworkClient.java:671] [Consumer clientId=consumer-2, groupId=test-consumer-group] Connection to node 0 could not be established. Broker may not be available.
2021-02-06 15:45:49,639 WARN [org.springframework.kafka.KafkaListenerEndpointContainer#0-0-C-1] o.a.k.c.NetworkClient [NetworkClient.java:671] [Consumer clientId=consumer-6, groupId=test-consumer-group] Connection to node 0 could not be established. Broker may not be available.
2021-02-06 15:45:49,650 WARN [org.springframework.kafka.KafkaListenerEndpointContainer#1-0-C-1] o.a.k.c.NetworkClient [NetworkClient.java:671] [Consumer clientId=consumer-8, groupId=test-consumer-group] Connection to node 0 could not be established. Broker may not be available.
2021-02-06 15:45:52,305 WARN [org.springframework.kafka.KafkaListenerEndpointContainer#3-0-C-1] o.a.k.c.NetworkClient [NetworkClient.java:671] [Consumer clientId=consumer-4, groupId=test-consumer-group] Connection to node 0 could not be established. Broker may not be available.
2021-02-06 15:45:52,421 WARN [org.springframework.kafka.KafkaListenerEndpointContainer#2-0-C-1] o.a.k.c.NetworkClient [NetworkClient.java:671] [Consumer clientId=consumer-2, groupId=test-consumer-group] Connection to node 0 could not be established. Broker may not be available.
2021-02-06 15:45:52,653 WARN [org.springframework.kafka.KafkaListenerEndpointContainer#0-0-C-1] o.a.k.c.NetworkClient [NetworkClient.java:671] [Consumer clientId=consumer-6, groupId=test-consumer-group] Connection to node 0 could not be established. Broker may not be available.
2021-02-06 15:45:52,667 WARN [org.springframework.kafka.KafkaListenerEndpointContainer#1-0-C-1] o.a.k.c.NetworkClient [NetworkClient.java:671] [Consumer clientId=consumer-8, groupId=test-consumer-group] Connection to node 0 could not be established. Broker may not be available.
2021-02-06 15:45:55,117 WARN [org.springframework.kafka.KafkaListenerEndpointContainer#3-0-C-1] o.a.k.c.NetworkClient [NetworkClient.java:671] [Consumer clientId=consumer-4, groupId=test-consumer-group] Connection to node 0 could not be established. Broker may not be available.
2021-02-06 15:45:55,287 WARN [org.springframework.kafka.KafkaListenerEndpointContainer#2-0-C-1] o.a.k.c.NetworkClient [NetworkClient.java:671] [Consumer clientId=consumer-2, groupId=test-consumer-group] Connection to node 0 could not be established. Broker may not be available.
2021-02-06 15:45:55,628 WARN [org.springframework.kafka.KafkaListenerEndpointContainer#1-0-C-1] o.a.k.c.NetworkClient [NetworkClient.java:671] [Consumer clientId=consumer-8, groupId=test-consumer-group] Connection to node 0 could not be established. Broker may not be available.
2021-02-06 15:45:55,768 WARN [org.springframework.kafka.KafkaListenerEndpointContainer#0-0-C-1] o.a.k.c.NetworkClient [NetworkClient.java:671] [Consumer clientId=consumer-6, groupId=test-consumer-group] Connection to node 0 could not be established. Broker may not be available.
2021-02-06 15:45:58,077 WARN [org.springframework.kafka.KafkaListenerEndpointContainer#3-0-C-1] o.a.k.c.NetworkClient [NetworkClient.java:671] [Consumer clientId=consumer-4, groupId=test-consumer-group] Connection to node 0 could not be established. Broker may not be available.
2021-02-06 15:45:58,404 WARN [org.springframework.kafka.KafkaListenerEndpointContainer#2-0-C-1] o.a.k.c.NetworkClient [NetworkClient.java:671] [Consumer clientId=consumer-2, groupId=test-consumer-group] Connection to node 0 could not be established. Broker may not be available.
2021-02-06 15:45:58,693 WARN [org.springframework.kafka.KafkaListenerEndpointContainer#1-0-C-1] o.a.k.c.NetworkClient [NetworkClient.java:671] [Consumer clientId=consumer-8, groupId=test-consumer-group] Connection to node 0 could not be established. Broker may not be available.
2021-02-06 15:45:58,884 WARN [org.springframework.kafka.KafkaListenerEndpointContainer#0-0-C-1] o.a.k.c.NetworkClient [NetworkClient.java:671] [Consumer clientId=consumer-6, groupId=test-consumer-group] Connection to node 0 could not be established. Broker may not be available.
2021-02-06 15:46:00,950 WARN [org.springframework.kafka.KafkaListenerEndpointContainer#3-0-C-1] o.a.k.c.NetworkClient [NetworkClient.java:671] [Consumer clientId=consumer-4, groupId=test-consumer-group] Connection to node 0 could not be established. Broker may not be available.
2021-02-06 15:46:01,571 WARN [org.springframework.kafka.KafkaListenerEndpointContainer#2-0-C-1] o.a.k.c.NetworkClient [NetworkClient.java:671] [Consumer clientId=consumer-2, groupId=test-consumer-group] Connection to node 0 could not be established. Broker may not be available.
2021-02-06 15:46:01,795 WARN [org.springframework.kafka.KafkaListenerEndpointContainer#0-0-C-1] o.a.k.c.NetworkClient [NetworkClient.java:671] [Consumer clientId=consumer-6, groupId=test-consumer-group] Connection to node 0 could not be established. Broker may not be available.
2021-02-06 15:46:01,814 WARN [org.springframework.kafka.KafkaListenerEndpointContainer#1-0-C-1] o.a.k.c.NetworkClient [NetworkClient.java:671] [Consumer clientId=consumer-8, groupId=test-consumer-group] Connection to node 0 could not be established. Broker may not be available.
2021-02-06 15:46:04,167 WARN [org.springframework.kafka.KafkaListenerEndpointContainer#3-0-C-1] o.a.k.c.NetworkClient [NetworkClient.java:671] [Consumer clientId=consumer-4, groupId=test-consumer-group] Connection to node 0 could not be established. Broker may not be available.
2021-02-06 15:46:04,435 WARN [org.springframework.kafka.KafkaListenerEndpointContainer#2-0-C-1] o.a.k.c.NetworkClient [NetworkClient.java:671] [Consumer clientId=consumer-2, groupId=test-consumer-group] Connection to node 0 could not be established. Broker may not be available.
2021-02-06 15:46:04,657 WARN [org.springframework.kafka.KafkaListenerEndpointContainer#0-0-C-1] o.a.k.c.NetworkClient [NetworkClient.java:671] [Consumer clientId=consumer-6, groupId=test-consumer-group] Connection to node 0 could not be established. Broker may not be available.
2021-02-06 15:46:04,826 WARN [org.springframework.kafka.KafkaListenerEndpointContainer#1-0-C-1] o.a.k.c.NetworkClient [NetworkClient.java:671] [Consumer clientId=consumer-8, groupId=test-consumer-group] Connection to node 0 could not be established. Broker may not be available.
2021-02-06 15:46:07,200 WARN [org.springframework.kafka.KafkaListenerEndpointContainer#3-0-C-1] o.a.k.c.NetworkClient [NetworkClient.java:671] [Consumer clientId=consumer-4, groupId=test-consumer-group] Connection to node 0 could not be established. Broker may not be available.
2021-02-06 15:46:07,498 WARN [org.springframework.kafka.KafkaListenerEndpointContainer#2-0-C-1] o.a.k.c.NetworkClient [NetworkClient.java:671] [Consumer clientId=consumer-2, groupId=test-consumer-group] Connection to node 0 could not be established. Broker may not be available.
2021-02-06 15:46:07,669 WARN [org.springframework.kafka.KafkaListenerEndpointContainer#0-0-C-1] o.a.k.c.NetworkClient [NetworkClient.java:671] [Consumer clientId=consumer-6, groupId=test-consumer-group] Connection to node 0 could not be established. Broker may not be available.
2021-02-06 15:46:07,850 WARN [org.springframework.kafka.KafkaListenerEndpointContainer#1-0-C-1] o.a.k.c.NetworkClient [NetworkClient.java:671] [Consumer clientId=consumer-8, groupId=test-consumer-group] Connection to node 0 could not be established. Broker may not be available.
2021-02-06 15:46:10,215 WARN [org.springframework.kafka.KafkaListenerEndpointContainer#3-0-C-1] o.a.k.c.NetworkClient [NetworkClient.java:671] [Consumer clientId=consumer-4, groupId=test-consumer-group] Connection to node 0 could not be established. Broker may not be available.
2021-02-06 15:46:10,664 WARN [org.springframework.kafka.KafkaListenerEndpointContainer#2-0-C-1] o.a.k.c.NetworkClient [NetworkClient.java:671] [Consumer clientId=consumer-2, groupId=test-consumer-group] Connection to node 0 could not be established. Broker may not be available.
2021-02-06 15:46:10,788 WARN [org.springframework.kafka.KafkaListenerEndpointContainer#0-0-C-1] o.a.k.c.NetworkClient [NetworkClient.java:671] [Consumer clientId=consumer-6, groupId=test-consumer-group] Connection to node 0 could not be established. Broker may not be available.
2021-02-06 15:46:10,815 WARN [org.springframework.kafka.KafkaListenerEndpointContainer#1-0-C-1] o.a.k.c.NetworkClient [NetworkClient.java:671] [Consumer clientId=consumer-8, groupId=test-consumer-group] Connection to node 0 could not be established. Broker may not be available.
2021-02-06 15:46:13,234 WARN [org.springframework.kafka.KafkaListenerEndpointContainer#3-0-C-1] o.a.k.c.NetworkClient [NetworkClient.java:671] [Consumer clientId=consumer-4, groupId=test-consumer-group] Connection to node 0 could not be established. Broker may not be available.
2021-02-06 15:46:13,897 WARN [org.springframework.kafka.KafkaListenerEndpointContainer#2-0-C-1] o.a.k.c.NetworkClient [NetworkClient.java:671] [Consumer clientId=consumer-2, groupId=test-consumer-group] Connection to node 0 could not be established. Broker may not be available.
2021-02-06 15:46:13,930 WARN [org.springframework.kafka.KafkaListenerEndpointContainer#1-0-C-1] o.a.k.c.NetworkClient [NetworkClient.java:671] [Consumer clientId=consumer-8, groupId=test-consumer-group] Connection to node 0 could not be established. Broker may not be available.
2021-02-06 15:46:14,007 WARN [org.springframework.kafka.KafkaListenerEndpointContainer#0-0-C-1] o.a.k.c.NetworkClient [NetworkClient.java:671] [Consumer clientId=consumer-6, groupId=test-consumer-group] Connection to node 0 could not be established. Broker may not be available.
2021-02-06 15:46:16,247 WARN [org.springframework.kafka.KafkaListenerEndpointContainer#3-0-C-1] o.a.k.c.NetworkClient [NetworkClient.java:671] [Consumer clientId=consumer-4, groupId=test-consumer-group] Connection to node 0 could not be established. Broker may not be available.
2021-02-06 15:46:16,857 WARN [org.springframework.kafka.KafkaListenerEndpointContainer#2-0-C-1] o.a.k.c.NetworkClient [NetworkClient.java:671] [Consumer clientId=consumer-2, groupId=test-consumer-group] Connection to node 0 could not be established. Broker may not be available.
2021-02-06 15:46:17,044 WARN [org.springframework.kafka.KafkaListenerEndpointContainer#1-0-C-1] o.a.k.c.NetworkClient [NetworkClient.java:671] [Consumer clientId=consumer-8, groupId=test-consumer-group] Connection to node 0 could not be established. Broker may not be available.
2021-02-06 15:46:17,222 WARN [org.springframework.kafka.KafkaListenerEndpointContainer#0-0-C-1] o.a.k.c.NetworkClient [NetworkClient.java:671] [Consumer clientId=consumer-6, groupId=test-consumer-group] Connection to node 0 could not be established. Broker may not be available.
2021-02-06 15:46:18,741 WARN [http-nio-8080-exec-1] o.s.w.s.m.m.a.ExceptionHandlerExceptionResolver [AbstractHandlerExceptionResolver.java:198] Resolved [org.springframework.data.redis.RedisConnectionFailureException: Unable to connect to Redis; nested exception is io.lettuce.core.RedisConnectionException: Unable to connect to localhost:6379]
2021-02-06 15:46:19,106 WARN [org.springframework.kafka.KafkaListenerEndpointContainer#3-0-C-1] o.a.k.c.NetworkClient [NetworkClient.java:671] [Consumer clientId=consumer-4, groupId=test-consumer-group] Connection to node 0 could not be established. Broker may not be available.
2021-02-06 15:46:20,024 WARN [org.springframework.kafka.KafkaListenerEndpointContainer#2-0-C-1] o.a.k.c.NetworkClient [NetworkClient.java:671] [Consumer clientId=consumer-2, groupId=test-consumer-group] Connection to node 0 could not be established. Broker may not be available.
2021-02-06 15:46:20,032 WARN [org.springframework.kafka.KafkaListenerEndpointContainer#0-0-C-1] o.a.k.c.NetworkClient [NetworkClient.java:671] [Consumer clientId=consumer-6, groupId=test-consumer-group] Connection to node 0 could not be established. Broker may not be available.
2021-02-06 15:46:20,107 WARN [org.springframework.kafka.KafkaListenerEndpointContainer#1-0-C-1] o.a.k.c.NetworkClient [NetworkClient.java:671] [Consumer clientId=consumer-8, groupId=test-consumer-group] Connection to node 0 could not be established. Broker may not be available.
2021-02-06 15:46:20,900 WARN [http-nio-8080-exec-2] o.s.w.s.m.m.a.ExceptionHandlerExceptionResolver [AbstractHandlerExceptionResolver.java:198] Resolved [org.springframework.data.redis.RedisConnectionFailureException: Unable to connect to Redis; nested exception is io.lettuce.core.RedisConnectionException: Unable to connect to localhost:6379]
2021-02-06 15:46:22,169 WARN [org.springframework.kafka.KafkaListenerEndpointContainer#3-0-C-1] o.a.k.c.NetworkClient [NetworkClient.java:671] [Consumer clientId=consumer-4, groupId=test-consumer-group] Connection to node 0 could not be established. Broker may not be available.
2021-02-06 15:46:22,883 WARN [org.springframework.kafka.KafkaListenerEndpointContainer#2-0-C-1] o.a.k.c.NetworkClient [NetworkClient.java:671] [Consumer clientId=consumer-2, groupId=test-consumer-group] Connection to node 0 could not be established. Broker may not be available.
2021-02-06 15:46:22,937 WARN [http-nio-8080-exec-3] o.s.w.s.m.m.a.ExceptionHandlerExceptionResolver [AbstractHandlerExceptionResolver.java:198] Resolved [org.springframework.data.redis.RedisConnectionFailureException: Unable to connect to Redis; nested exception is io.lettuce.core.RedisConnectionException: Unable to connect to localhost:6379]
2021-02-06 15:46:23,045 WARN [org.springframework.kafka.KafkaListenerEndpointContainer#0-0-C-1] o.a.k.c.NetworkClient [NetworkClient.java:671] [Consumer clientId=consumer-6, groupId=test-consumer-group] Connection to node 0 could not be established. Broker may not be available.
2021-02-06 15:46:23,120 WARN [org.springframework.kafka.KafkaListenerEndpointContainer#1-0-C-1] o.a.k.c.NetworkClient [NetworkClient.java:671] [Consumer clientId=consumer-8, groupId=test-consumer-group] Connection to node 0 could not be established. Broker may not be available.
2021-02-06 15:46:24,986 WARN [http-nio-8080-exec-4] o.s.w.s.m.m.a.ExceptionHandlerExceptionResolver [AbstractHandlerExceptionResolver.java:198] Resolved [org.springframework.data.redis.RedisConnectionFailureException: Unable to connect to Redis; nested exception is io.lettuce.core.RedisConnectionException: Unable to connect to localhost:6379]
2021-02-06 15:46:25,282 WARN [org.springframework.kafka.KafkaListenerEndpointContainer#3-0-C-1] o.a.k.c.NetworkClient [NetworkClient.java:671] [Consumer clientId=consumer-4, groupId=test-consumer-group] Connection to node 0 could not be established. Broker may not be available.
2021-02-06 15:46:25,792 WARN [org.springframework.kafka.KafkaListenerEndpointContainer#2-0-C-1] o.a.k.c.NetworkClient [NetworkClient.java:671] [Consumer clientId=consumer-2, groupId=test-consumer-group] Connection to node 0 could not be established. Broker may not be available.
2021-02-06 15:46:26,109 WARN [org.springframework.kafka.KafkaListenerEndpointContainer#0-0-C-1] o.a.k.c.NetworkClient [NetworkClient.java:671] [Consumer clientId=consumer-6, groupId=test-consumer-group] Connection to node 0 could not be established. Broker may not be available.
2021-02-06 15:46:26,181 WARN [org.springframework.kafka.KafkaListenerEndpointContainer#1-0-C-1] o.a.k.c.NetworkClient [NetworkClient.java:671] [Consumer clientId=consumer-8, groupId=test-consumer-group] Connection to node 0 could not be established. Broker may not be available.
2021-02-06 15:46:27,020 WARN [http-nio-8080-exec-5] o.s.w.s.m.m.a.ExceptionHandlerExceptionResolver [AbstractHandlerExceptionResolver.java:198] Resolved [org.springframework.data.redis.RedisConnectionFailureException: Unable to connect to Redis; nested exception is io.lettuce.core.RedisConnectionException: Unable to connect to localhost:6379]
2021-02-06 15:46:28,140 WARN [org.springframework.kafka.KafkaListenerEndpointContainer#3-0-C-1] o.a.k.c.NetworkClient [NetworkClient.java:671] [Consumer clientId=consumer-4, groupId=test-consumer-group] Connection to node 0 could not be established. Broker may not be available.
2021-02-06 15:46:28,649 WARN [org.springframework.kafka.KafkaListenerEndpointContainer#2-0-C-1] o.a.k.c.NetworkClient [NetworkClient.java:671] [Consumer clientId=consumer-2, groupId=test-consumer-group] Connection to node 0 could not be established. Broker may not be available.
2021-02-06 15:46:29,061 WARN [http-nio-8080-exec-6] o.s.w.s.m.m.a.ExceptionHandlerExceptionResolver [AbstractHandlerExceptionResolver.java:198] Resolved [org.springframework.data.redis.RedisConnectionFailureException: Unable to connect to Redis; nested exception is io.lettuce.core.RedisConnectionException: Unable to connect to localhost:6379]
2021-02-06 15:46:29,119 WARN [org.springframework.kafka.KafkaListenerEndpointContainer#0-0-C-1] o.a.k.c.NetworkClient [NetworkClient.java:671] [Consumer clientId=consumer-6, groupId=test-consumer-group] Connection to node 0 could not be established. Broker may not be available.
2021-02-06 15:46:29,294 WARN [org.springframework.kafka.KafkaListenerEndpointContainer#1-0-C-1] o.a.k.c.NetworkClient [NetworkClient.java:671] [Consumer clientId=consumer-8, groupId=test-consumer-group] Connection to node 0 could not be established. Broker may not be available.
2021-02-06 15:46:31,051 WARN [org.springframework.kafka.KafkaListenerEndpointContainer#3-0-C-1] o.a.k.c.NetworkClient [NetworkClient.java:671] [Consumer clientId=consumer-4, groupId=test-consumer-group] Connection to node 0 could not be established. Broker may not be available.
2021-02-06 15:46:31,095 WARN [http-nio-8080-exec-7] o.s.w.s.m.m.a.ExceptionHandlerExceptionResolver [AbstractHandlerExceptionResolver.java:198] Resolved [org.springframework.data.redis.RedisConnectionFailureException: Unable to connect to Redis; nested exception is io.lettuce.core.RedisConnectionException: Unable to connect to localhost:6379]
2021-02-06 15:46:31,562 WARN [org.springframework.kafka.KafkaListenerEndpointContainer#2-0-C-1] o.a.k.c.NetworkClient [NetworkClient.java:671] [Consumer clientId=consumer-2, groupId=test-consumer-group] Connection to node 0 could not be established. Broker may not be available.
2021-02-06 15:46:32,336 WARN [org.springframework.kafka.KafkaListenerEndpointContainer#0-0-C-1] o.a.k.c.NetworkClient [NetworkClient.java:671] [Consumer clientId=consumer-6, groupId=test-consumer-group] Connection to node 0 could not be established. Broker may not be available.
2021-02-06 15:46:32,459 WARN [org.springframework.kafka.KafkaListenerEndpointContainer#1-0-C-1] o.a.k.c.NetworkClient [NetworkClient.java:671] [Consumer clientId=consumer-8, groupId=test-consumer-group] Connection to node 0 could not be established. Broker may not be available.
2021-02-06 15:46:33,142 WARN [http-nio-8080-exec-8] o.s.w.s.m.m.a.ExceptionHandlerExceptionResolver [AbstractHandlerExceptionResolver.java:198] Resolved [org.springframework.data.redis.RedisConnectionFailureException: Unable to connect to Redis; nested exception is io.lettuce.core.RedisConnectionException: Unable to connect to localhost:6379]
2021-02-06 15:46:34,114 WARN [org.springframework.kafka.KafkaListenerEndpointContainer#3-0-C-1] o.a.k.c.NetworkClient [NetworkClient.java:671] [Consumer clientId=consumer-4, groupId=test-consumer-group] Connection to node 0 could not be established. Broker may not be available.
2021-02-06 15:46:34,371 WARN [org.springframework.kafka.KafkaListenerEndpointContainer#2-0-C-1] o.a.k.c.NetworkClient [NetworkClient.java:671] [Consumer clientId=consumer-2, groupId=test-consumer-group] Connection to node 0 could not be established. Broker may not be available.
2021-02-06 15:46:35,190 WARN [http-nio-8080-exec-9] o.s.w.s.m.m.a.ExceptionHandlerExceptionResolver [AbstractHandlerExceptionResolver.java:198] Resolved [org.springframework.data.redis.RedisConnectionFailureException: Unable to connect to Redis; nested exception is io.lettuce.core.RedisConnectionException: Unable to connect to localhost:6379]
2021-02-06 15:46:35,197 WARN [org.springframework.kafka.KafkaListenerEndpointContainer#0-0-C-1] o.a.k.c.NetworkClient [NetworkClient.java:671] [Consumer clientId=consumer-6, groupId=test-consumer-group] Connection to node 0 could not be established. Broker may not be available.
2021-02-06 15:46:35,625 WARN [org.springframework.kafka.KafkaListenerEndpointContainer#1-0-C-1] o.a.k.c.NetworkClient [NetworkClient.java:671] [Consumer clientId=consumer-8, groupId=test-consumer-group] Connection to node 0 could not be established. Broker may not be available.
2021-02-06 15:46:37,179 WARN [org.springframework.kafka.KafkaListenerEndpointContainer#3-0-C-1] o.a.k.c.NetworkClient [NetworkClient.java:671] [Consumer clientId=consumer-4, groupId=test-consumer-group] Connection to node 0 could not be established. Broker may not be available.
2021-02-06 15:46:37,234 WARN [http-nio-8080-exec-10] o.s.w.s.m.m.a.ExceptionHandlerExceptionResolver [AbstractHandlerExceptionResolver.java:198] Resolved [org.springframework.data.redis.RedisConnectionFailureException: Unable to connect to Redis; nested exception is io.lettuce.core.RedisConnectionException: Unable to connect to localhost:6379]
2021-02-06 15:46:37,283 WARN [org.springframework.kafka.KafkaListenerEndpointContainer#2-0-C-1] o.a.k.c.NetworkClient [NetworkClient.java:671] [Consumer clientId=consumer-2, groupId=test-consumer-group] Connection to node 0 could not be established. Broker may not be available.
2021-02-06 15:46:38,259 WARN [org.springframework.kafka.KafkaListenerEndpointContainer#0-0-C-1] o.a.k.c.NetworkClient [NetworkClient.java:671] [Consumer clientId=consumer-6, groupId=test-consumer-group] Connection to node 0 could not be established. Broker may not be available.
2021-02-06 15:46:38,589 WARN [org.springframework.kafka.KafkaListenerEndpointContainer#1-0-C-1] o.a.k.c.NetworkClient [NetworkClient.java:671] [Consumer clientId=consumer-8, groupId=test-consumer-group] Connection to node 0 could not be established. Broker may not be available.
2021-02-06 15:46:39,271 WARN [http-nio-8080-exec-1] o.s.w.s.m.m.a.ExceptionHandlerExceptionResolver [AbstractHandlerExceptionResolver.java:198] Resolved [org.springframework.data.redis.RedisConnectionFailureException: Unable to connect to Redis; nested exception is io.lettuce.core.RedisConnectionException: Unable to connect to localhost:6379]
2021-02-06 15:46:40,240 WARN [org.springframework.kafka.KafkaListenerEndpointContainer#3-0-C-1] o.a.k.c.NetworkClient [NetworkClient.java:671] [Consumer clientId=consumer-4, groupId=test-consumer-group] Connection to node 0 could not be established. Broker may not be available.
2021-02-06 15:46:40,349 WARN [org.springframework.kafka.KafkaListenerEndpointContainer#2-0-C-1] o.a.k.c.NetworkClient [NetworkClient.java:671] [Consumer clientId=consumer-2, groupId=test-consumer-group] Connection to node 0 could not be established. Broker may not be available.
2021-02-06 15:46:41,316 WARN [http-nio-8080-exec-2] o.s.w.s.m.m.a.ExceptionHandlerExceptionResolver [AbstractHandlerExceptionResolver.java:198] Resolved [org.springframework.data.redis.RedisConnectionFailureException: Unable to connect to Redis; nested exception is io.lettuce.core.RedisConnectionException: Unable to connect to localhost:6379]
2021-02-06 15:46:41,472 WARN [org.springframework.kafka.KafkaListenerEndpointContainer#0-0-C-1] o.a.k.c.NetworkClient [NetworkClient.java:671] [Consumer clientId=consumer-6, groupId=test-consumer-group] Connection to node 0 could not be established. Broker may not be available.
2021-02-06 15:46:41,552 WARN [org.springframework.kafka.KafkaListenerEndpointContainer#1-0-C-1] o.a.k.c.NetworkClient [NetworkClient.java:671] [Consumer clientId=consumer-8, groupId=test-consumer-group] Connection to node 0 could not be established. Broker may not be available.
2021-02-06 15:55:57,290 WARN [http-nio-8080-exec-7] o.s.w.s.m.m.a.ExceptionHandlerExceptionResolver [AbstractHandlerExceptionResolver.java:198] Resolved [org.springframework.web.method.annotation.MethodArgumentTypeMismatchException: Failed to convert value of type 'java.lang.String' to required type 'int'; nested exception is java.lang.NumberFormatException: For input string: "my-post.html"]
2021-02-06 15:56:11,045 WARN [http-nio-8080-exec-10] o.s.w.s.m.m.a.ExceptionHandlerExceptionResolver [AbstractHandlerExceptionResolver.java:198] Resolved [org.springframework.web.method.annotation.MethodArgumentTypeMismatchException: Failed to convert value of type 'java.lang.String' to required type 'int'; nested exception is java.lang.NumberFormatException: For input string: "my-post.html"]
2021-02-06 15:56:42,777 WARN [http-nio-8080-exec-10] o.s.w.s.m.m.a.ExceptionHandlerExceptionResolver [AbstractHandlerExceptionResolver.java:198] Resolved [org.springframework.web.method.annotation.MethodArgumentTypeMismatchException: Failed to convert value of type 'java.lang.String' to required type 'int'; nested exception is java.lang.NumberFormatException: For input string: "profile.html"]
2021-02-06 16:26:25,206 WARN [HikariPool-1 housekeeper] c.z.h.p.HikariPool [HikariPool.java:766] HikariPool-1 - Thread starvation or clock leap detected (housekeeper delta=1m3s42ms590µs200ns).
2021-02-06 16:26:49,170 WARN [org.springframework.kafka.KafkaListenerEndpointContainer#1-0-C-1] o.a.k.c.c.i.ConsumerCoordinator [ConsumerCoordinator.java:737] [Consumer clientId=consumer-8, groupId=test-consumer-group] Asynchronous auto-commit of offsets {share-0=OffsetAndMetadata{offset=0, metadata=''}} failed: Commit cannot be completed since the group has already rebalanced and assigned the partitions to another member. This means that the time between subsequent calls to poll() was longer than the configured max.poll.interval.ms, which typically implies that the poll loop is spending too much time message processing. You can address this either by increasing the session timeout or by reducing the maximum size of batches returned in poll() with max.poll.records.
2021-02-06 16:26:49,170 WARN [org.springframework.kafka.KafkaListenerEndpointContainer#0-0-C-1] o.a.k.c.c.i.ConsumerCoordinator [ConsumerCoordinator.java:737] [Consumer clientId=consumer-6, groupId=test-consumer-group] Asynchronous auto-commit of offsets {delete-0=OffsetAndMetadata{offset=0, metadata=''}} failed: Commit cannot be completed since the group has already rebalanced and assigned the partitions to another member. This means that the time between subsequent calls to poll() was longer than the configured max.poll.interval.ms, which typically implies that the poll loop is spending too much time message processing. You can address this either by increasing the session timeout or by reducing the maximum size of batches returned in poll() with max.poll.records.
2021-02-06 16:26:49,171 WARN [org.springframework.kafka.KafkaListenerEndpointContainer#0-0-C-1] o.a.k.c.c.i.ConsumerCoordinator [ConsumerCoordinator.java:759] [Consumer clientId=consumer-6, groupId=test-consumer-group] Synchronous auto-commit of offsets {delete-0=OffsetAndMetadata{offset=0, metadata=''}} failed: Commit cannot be completed since the group has already rebalanced and assigned the partitions to another member. This means that the time between subsequent calls to poll() was longer than the configured max.poll.interval.ms, which typically implies that the poll loop is spending too much time message processing. You can address this either by increasing the session timeout or by reducing the maximum size of batches returned in poll() with max.poll.records.
2021-02-06 16:26:49,171 WARN [org.springframework.kafka.KafkaListenerEndpointContainer#2-0-C-1] o.a.k.c.c.i.ConsumerCoordinator [ConsumerCoordinator.java:759] [Consumer clientId=consumer-2, groupId=test-consumer-group] Synchronous auto-commit of offsets {publish-0=OffsetAndMetadata{offset=1, metadata=''}} failed: Commit cannot be completed since the group has already rebalanced and assigned the partitions to another member. This means that the time between subsequent calls to poll() was longer than the configured max.poll.interval.ms, which typically implies that the poll loop is spending too much time message processing. You can address this either by increasing the session timeout or by reducing the maximum size of batches returned in poll() with max.poll.records.
2021-02-06 16:26:49,171 WARN [org.springframework.kafka.KafkaListenerEndpointContainer#1-0-C-1] o.a.k.c.c.i.ConsumerCoordinator [ConsumerCoordinator.java:759] [Consumer clientId=consumer-8, groupId=test-consumer-group] Synchronous auto-commit of offsets {share-0=OffsetAndMetadata{offset=0, metadata=''}} failed: Commit cannot be completed since the group has already rebalanced and assigned the partitions to another member. This means that the time between subsequent calls to poll() was longer than the configured max.poll.interval.ms, which typically implies that the poll loop is spending too much time message processing. You can address this either by increasing the session timeout or by reducing the maximum size of batches returned in poll() with max.poll.records.
2021-02-06 16:26:49,171 WARN [org.springframework.kafka.KafkaListenerEndpointContainer#3-0-C-1] o.a.k.c.c.i.ConsumerCoordinator [ConsumerCoordinator.java:759] [Consumer clientId=consumer-4, groupId=test-consumer-group] Synchronous auto-commit of offsets {comment-0=OffsetAndMetadata{offset=0, metadata=''}, like-0=OffsetAndMetadata{offset=0, metadata=''}, follow-0=OffsetAndMetadata{offset=0, metadata=''}} failed: Commit cannot be completed since the group has already rebalanced and assigned the partitions to another member. This means that the time between subsequent calls to poll() was longer than the configured max.poll.interval.ms, which typically implies that the poll loop is spending too much time message processing. You can address this either by increasing the session timeout or by reducing the maximum size of batches returned in poll() with max.poll.records.
2021-02-06 16:28:16,540 WARN [HikariPool-1 housekeeper] c.z.h.p.HikariPool [HikariPool.java:766] HikariPool-1 - Thread starvation or clock leap detected (housekeeper delta=1m15s855ms884µs400ns).
2021-02-06 16:28:28,134 WARN [org.springframework.kafka.KafkaListenerEndpointContainer#3-0-C-1] o.a.k.c.c.i.ConsumerCoordinator [ConsumerCoordinator.java:737] [Consumer clientId=consumer-4, groupId=test-consumer-group] Asynchronous auto-commit of offsets {comment-0=OffsetAndMetadata{offset=0, metadata=''}, like-0=OffsetAndMetadata{offset=0, metadata=''}, follow-0=OffsetAndMetadata{offset=0, metadata=''}} failed: Commit cannot be completed since the group has already rebalanced and assigned the partitions to another member. This means that the time between subsequent calls to poll() was longer than the configured max.poll.interval.ms, which typically implies that the poll loop is spending too much time message processing. You can address this either by increasing the session timeout or by reducing the maximum size of batches returned in poll() with max.poll.records.
2021-02-06 16:28:28,134 WARN [org.springframework.kafka.KafkaListenerEndpointContainer#1-0-C-1] o.a.k.c.c.i.ConsumerCoordinator [ConsumerCoordinator.java:737] [Consumer clientId=consumer-8, groupId=test-consumer-group] Asynchronous auto-commit of offsets {share-0=OffsetAndMetadata{offset=0, metadata=''}} failed: Commit cannot be completed since the group has already rebalanced and assigned the partitions to another member. This means that the time between subsequent calls to poll() was longer than the configured max.poll.interval.ms, which typically implies that the poll loop is spending too much time message processing. You can address this either by increasing the session timeout or by reducing the maximum size of batches returned in poll() with max.poll.records.
2021-02-06 16:28:28,134 WARN [org.springframework.kafka.KafkaListenerEndpointContainer#0-0-C-1] o.a.k.c.c.i.ConsumerCoordinator [ConsumerCoordinator.java:737] [Consumer clientId=consumer-6, groupId=test-consumer-group] Asynchronous auto-commit of offsets {delete-0=OffsetAndMetadata{offset=0, metadata=''}} failed: Commit cannot be completed since the group has already rebalanced and assigned the partitions to another member. This means that the time between subsequent calls to poll() was longer than the configured max.poll.interval.ms, which typically implies that the poll loop is spending too much time message processing. You can address this either by increasing the session timeout or by reducing the maximum size of batches returned in poll() with max.poll.records.
2021-02-06 16:28:28,135 WARN [org.springframework.kafka.KafkaListenerEndpointContainer#2-0-C-1] o.a.k.c.c.i.ConsumerCoordinator [ConsumerCoordinator.java:737] [Consumer clientId=consumer-2, groupId=test-consumer-group] Asynchronous auto-commit of offsets {publish-0=OffsetAndMetadata{offset=1, metadata=''}} failed: Commit cannot be completed since the group has already rebalanced and assigned the partitions to another member. This means that the time between subsequent calls to poll() was longer than the configured max.poll.interval.ms, which typically implies that the poll loop is spending too much time message processing. You can address this either by increasing the session timeout or by reducing the maximum size of batches returned in poll() with max.poll.records.
2021-02-06 16:28:28,135 WARN [org.springframework.kafka.KafkaListenerEndpointContainer#3-0-C-1] o.a.k.c.c.i.ConsumerCoordinator [ConsumerCoordinator.java:737] [Consumer clientId=consumer-4, groupId=test-consumer-group] Asynchronous auto-commit of offsets {comment-0=OffsetAndMetadata{offset=0, metadata=''}, like-0=OffsetAndMetadata{offset=0, metadata=''}, follow-0=OffsetAndMetadata{offset=0, metadata=''}} failed: Commit cannot be completed since the group has already rebalanced and assigned the partitions to another member. This means that the time between subsequent calls to poll() was longer than the configured max.poll.interval.ms, which typically implies that the poll loop is spending too much time message processing. You can address this either by increasing the session timeout or by reducing the maximum size of batches returned in poll() with max.poll.records.
2021-02-06 16:28:33,092 WARN [org.springframework.kafka.KafkaListenerEndpointContainer#2-0-C-1] o.a.k.c.c.i.ConsumerCoordinator [ConsumerCoordinator.java:737] [Consumer clientId=consumer-2, groupId=test-consumer-group] Asynchronous auto-commit of offsets {publish-0=OffsetAndMetadata{offset=1, metadata=''}} failed: Commit cannot be completed since the group has already rebalanced and assigned the partitions to another member. This means that the time between subsequent calls to poll() was longer than the configured max.poll.interval.ms, which typically implies that the poll loop is spending too much time message processing. You can address this either by increasing the session timeout or by reducing the maximum size of batches returned in poll() with max.poll.records.
2021-02-06 16:29:12,217 WARN [HikariPool-1 housekeeper] c.z.h.p.HikariPool [HikariPool.java:766] HikariPool-1 - Thread starvation or clock leap detected (housekeeper delta=55s677ms314µs400ns).
2021-02-06 19:52:28,661 WARN [restartedMain] o.a.c.c.C.[.[.[/echo] [DirectJDKLog.java:173] Cannot deserialize session attribute [SPRING_SECURITY_CONTEXT] for session [6D364877F06640DC8D84C00323B1A703]
2021-02-06 19:53:19,325 WARN [HikariPool-1 housekeeper] c.z.h.p.HikariPool [HikariPool.java:766] HikariPool-1 - Thread starvation or clock leap detected (housekeeper delta=46s548ms644µs301ns).
2021-02-06 19:53:46,733 WARN [org.springframework.kafka.KafkaListenerEndpointContainer#0-0-C-1] o.a.k.c.c.i.ConsumerCoordinator [ConsumerCoordinator.java:737] [Consumer clientId=consumer-6, groupId=test-consumer-group] Asynchronous auto-commit of offsets {delete-0=OffsetAndMetadata{offset=0, metadata=''}} failed: Commit cannot be completed since the group has already rebalanced and assigned the partitions to another member. This means that the time between subsequent calls to poll() was longer than the configured max.poll.interval.ms, which typically implies that the poll loop is spending too much time message processing. You can address this either by increasing the session timeout or by reducing the maximum size of batches returned in poll() with max.poll.records.
2021-02-06 19:53:46,733 WARN [org.springframework.kafka.KafkaListenerEndpointContainer#1-0-C-1] o.a.k.c.c.i.ConsumerCoordinator [ConsumerCoordinator.java:737] [Consumer clientId=consumer-8, groupId=test-consumer-group] Asynchronous auto-commit of offsets {share-0=OffsetAndMetadata{offset=0, metadata=''}} failed: Commit cannot be completed since the group has already rebalanced and assigned the partitions to another member. This means that the time between subsequent calls to poll() was longer than the configured max.poll.interval.ms, which typically implies that the poll loop is spending too much time message processing. You can address this either by increasing the session timeout or by reducing the maximum size of batches returned in poll() with max.poll.records.
2021-02-06 19:53:46,733 WARN [org.springframework.kafka.KafkaListenerEndpointContainer#3-0-C-1] o.a.k.c.c.i.ConsumerCoordinator [ConsumerCoordinator.java:737] [Consumer clientId=consumer-4, groupId=test-consumer-group] Asynchronous auto-commit of offsets {comment-0=OffsetAndMetadata{offset=0, metadata=''}, like-0=OffsetAndMetadata{offset=0, metadata=''}, follow-0=OffsetAndMetadata{offset=0, metadata=''}} failed: Commit cannot be completed since the group has already rebalanced and assigned the partitions to another member. This means that the time between subsequent calls to poll() was longer than the configured max.poll.interval.ms, which typically implies that the poll loop is spending too much time message processing. You can address this either by increasing the session timeout or by reducing the maximum size of batches returned in poll() with max.poll.records.
2021-02-06 19:53:46,733 WARN [org.springframework.kafka.KafkaListenerEndpointContainer#2-0-C-1] o.a.k.c.c.i.ConsumerCoordinator [ConsumerCoordinator.java:737] [Consumer clientId=consumer-2, groupId=test-consumer-group] Asynchronous auto-commit of offsets {publish-0=OffsetAndMetadata{offset=1, metadata=''}} failed: Commit cannot be completed since the group has already rebalanced and assigned the partitions to another member. This means that the time between subsequent calls to poll() was longer than the configured max.poll.interval.ms, which typically implies that the poll loop is spending too much time message processing. You can address this either by increasing the session timeout or by reducing the maximum size of batches returned in poll() with max.poll.records.
2021-02-06 19:53:46,734 WARN [org.springframework.kafka.KafkaListenerEndpointContainer#1-0-C-1] o.a.k.c.c.i.ConsumerCoordinator [ConsumerCoordinator.java:759] [Consumer clientId=consumer-8, groupId=test-consumer-group] Synchronous auto-commit of offsets {share-0=OffsetAndMetadata{offset=0, metadata=''}} failed: Commit cannot be completed since the group has already rebalanced and assigned the partitions to another member. This means that the time between subsequent calls to poll() was longer than the configured max.poll.interval.ms, which typically implies that the poll loop is spending too much time message processing. You can address this either by increasing the session timeout or by reducing the maximum size of batches returned in poll() with max.poll.records.
2021-02-06 19:53:46,734 WARN [org.springframework.kafka.KafkaListenerEndpointContainer#2-0-C-1] o.a.k.c.c.i.ConsumerCoordinator [ConsumerCoordinator.java:759] [Consumer clientId=consumer-2, groupId=test-consumer-group] Synchronous auto-commit of offsets {publish-0=OffsetAndMetadata{offset=1, metadata=''}} failed: Commit cannot be completed since the group has already rebalanced and assigned the partitions to another member. This means that the time between subsequent calls to poll() was longer than the configured max.poll.interval.ms, which typically implies that the poll loop is spending too much time message processing. You can address this either by increasing the session timeout or by reducing the maximum size of batches returned in poll() with max.poll.records.
2021-02-06 19:53:46,734 WARN [org.springframework.kafka.KafkaListenerEndpointContainer#0-0-C-1] o.a.k.c.c.i.ConsumerCoordinator [ConsumerCoordinator.java:759] [Consumer clientId=consumer-6, groupId=test-consumer-group] Synchronous auto-commit of offsets {delete-0=OffsetAndMetadata{offset=0, metadata=''}} failed: Commit cannot be completed since the group has already rebalanced and assigned the partitions to another member. This means that the time between subsequent calls to poll() was longer than the configured max.poll.interval.ms, which typically implies that the poll loop is spending too much time message processing. You can address this either by increasing the session timeout or by reducing the maximum size of batches returned in poll() with max.poll.records.
2021-02-06 19:53:46,734 WARN [org.springframework.kafka.KafkaListenerEndpointContainer#3-0-C-1] o.a.k.c.c.i.ConsumerCoordinator [ConsumerCoordinator.java:759] [Consumer clientId=consumer-4, groupId=test-consumer-group] Synchronous auto-commit of offsets {comment-0=OffsetAndMetadata{offset=0, metadata=''}, like-0=OffsetAndMetadata{offset=0, metadata=''}, follow-0=OffsetAndMetadata{offset=0, metadata=''}} failed: Commit cannot be completed since the group has already rebalanced and assigned the partitions to another member. This means that the time between subsequent calls to poll() was longer than the configured max.poll.interval.ms, which typically implies that the poll loop is spending too much time message processing. You can address this either by increasing the session timeout or by reducing the maximum size of batches returned in poll() with max.poll.records.
2021-02-06 19:53:52,595 WARN [org.springframework.kafka.KafkaListenerEndpointContainer#1-0-C-1] o.a.k.c.c.i.ConsumerCoordinator [ConsumerCoordinator.java:737] [Consumer clientId=consumer-8, groupId=test-consumer-group] Asynchronous auto-commit of offsets {share-0=OffsetAndMetadata{offset=0, metadata=''}} failed: Commit cannot be completed since the group has already rebalanced and assigned the partitions to another member. This means that the time between subsequent calls to poll() was longer than the configured max.poll.interval.ms, which typically implies that the poll loop is spending too much time message processing. You can address this either by increasing the session timeout or by reducing the maximum size of batches returned in poll() with max.poll.records.
2021-02-06 19:54:28,911 WARN [HikariPool-1 housekeeper] c.z.h.p.HikariPool [HikariPool.java:766] HikariPool-1 - Thread starvation or clock leap detected (housekeeper delta=1m9s587ms579µs900ns).
2021-02-06 20:13:20,594 WARN [http-nio-8080-exec-10] o.s.w.s.m.m.a.ExceptionHandlerExceptionResolver [AbstractHandlerExceptionResolver.java:198] Resolved [org.springframework.web.method.annotation.MethodArgumentTypeMismatchException: Failed to convert value of type 'java.lang.String' to required type 'int'; nested exception is java.lang.NumberFormatException: For input string: "my-reply.html"]
2021-02-06 21:04:19,390 WARN [http-nio-8080-exec-8] o.s.w.s.m.m.a.ExceptionHandlerExceptionResolver [AbstractHandlerExceptionResolver.java:198] Resolved [org.springframework.web.method.annotation.MethodArgumentTypeMismatchException: Failed to convert value of type 'java.lang.String' to required type 'int'; nested exception is java.lang.NumberFormatException: For input string: "my-reply.html"]
2021-02-06 21:13:54,712 WARN [http-nio-8080-exec-10] o.s.w.s.m.m.a.ExceptionHandlerExceptionResolver [AbstractHandlerExceptionResolver.java:198] Resolved [org.springframework.web.method.annotation.MethodArgumentTypeMismatchException: Failed to convert value of type 'java.lang.String' to required type 'int'; nested exception is java.lang.NumberFormatException: For input string: "my-reply.html"]
2021-02-06 21:19:52,791 WARN [HikariPool-1 housekeeper] c.z.h.p.HikariPool [HikariPool.java:766] HikariPool-1 - Thread starvation or clock leap detected (housekeeper delta=1m54s355ms222µs201ns).
2021-02-06 21:19:52,808 WARN [org.springframework.kafka.KafkaListenerEndpointContainer#0-0-C-1] o.a.k.c.c.i.ConsumerCoordinator [ConsumerCoordinator.java:737] [Consumer clientId=consumer-6, groupId=test-consumer-group] Asynchronous auto-commit of offsets {publish-0=OffsetAndMetadata{offset=2, metadata=''}} failed: Commit cannot be completed since the group has already rebalanced and assigned the partitions to another member. This means that the time between subsequent calls to poll() was longer than the configured max.poll.interval.ms, which typically implies that the poll loop is spending too much time message processing. You can address this either by increasing the session timeout or by reducing the maximum size of batches returned in poll() with max.poll.records.
2021-02-06 21:19:52,808 WARN [org.springframework.kafka.KafkaListenerEndpointContainer#1-0-C-1] o.a.k.c.c.i.ConsumerCoordinator [ConsumerCoordinator.java:737] [Consumer clientId=consumer-8, groupId=test-consumer-group] Asynchronous auto-commit of offsets {share-0=OffsetAndMetadata{offset=0, metadata=''}} failed: Commit cannot be completed since the group has already rebalanced and assigned the partitions to another member. This means that the time between subsequent calls to poll() was longer than the configured max.poll.interval.ms, which typically implies that the poll loop is spending too much time message processing. You can address this either by increasing the session timeout or by reducing the maximum size of batches returned in poll() with max.poll.records.
2021-02-06 21:19:52,808 WARN [org.springframework.kafka.KafkaListenerEndpointContainer#2-0-C-1] o.a.k.c.c.i.ConsumerCoordinator [ConsumerCoordinator.java:737] [Consumer clientId=consumer-2, groupId=test-consumer-group] Asynchronous auto-commit of offsets {delete-0=OffsetAndMetadata{offset=0, metadata=''}} failed: Commit cannot be completed since the group has already rebalanced and assigned the partitions to another member. This means that the time between subsequent calls to poll() was longer than the configured max.poll.interval.ms, which typically implies that the poll loop is spending too much time message processing. You can address this either by increasing the session timeout or by reducing the maximum size of batches returned in poll() with max.poll.records.
2021-02-06 21:19:52,808 WARN [org.springframework.kafka.KafkaListenerEndpointContainer#3-0-C-1] o.a.k.c.c.i.ConsumerCoordinator [ConsumerCoordinator.java:737] [Consumer clientId=consumer-4, groupId=test-consumer-group] Asynchronous auto-commit of offsets {comment-0=OffsetAndMetadata{offset=1, metadata=''}, like-0=OffsetAndMetadata{offset=1, metadata=''}, follow-0=OffsetAndMetadata{offset=0, metadata=''}} failed: Commit cannot be completed since the group has already rebalanced and assigned the partitions to another member. This means that the time between subsequent calls to poll() was longer than the configured max.poll.interval.ms, which typically implies that the poll loop is spending too much time message processing. You can address this either by increasing the session timeout or by reducing the maximum size of batches returned in poll() with max.poll.records.
2021-02-06 21:19:52,809 WARN [org.springframework.kafka.KafkaListenerEndpointContainer#0-0-C-1] o.a.k.c.c.i.ConsumerCoordinator [ConsumerCoordinator.java:759] [Consumer clientId=consumer-6, groupId=test-consumer-group] Synchronous auto-commit of offsets {publish-0=OffsetAndMetadata{offset=2, metadata=''}} failed: Commit cannot be completed since the group has already rebalanced and assigned the partitions to another member. This means that the time between subsequent calls to poll() was longer than the configured max.poll.interval.ms, which typically implies that the poll loop is spending too much time message processing. You can address this either by increasing the session timeout or by reducing the maximum size of batches returned in poll() with max.poll.records.
2021-02-06 21:19:52,809 WARN [org.springframework.kafka.KafkaListenerEndpointContainer#2-0-C-1] o.a.k.c.c.i.ConsumerCoordinator [ConsumerCoordinator.java:759] [Consumer clientId=consumer-2, groupId=test-consumer-group] Synchronous auto-commit of offsets {delete-0=OffsetAndMetadata{offset=0, metadata=''}} failed: Commit cannot be completed since the group has already rebalanced and assigned the partitions to another member. This means that the time between subsequent calls to poll() was longer than the configured max.poll.interval.ms, which typically implies that the poll loop is spending too much time message processing. You can address this either by increasing the session timeout or by reducing the maximum size of batches returned in poll() with max.poll.records.
2021-02-06 21:19:52,809 WARN [org.springframework.kafka.KafkaListenerEndpointContainer#1-0-C-1] o.a.k.c.c.i.ConsumerCoordinator [ConsumerCoordinator.java:759] [Consumer clientId=consumer-8, groupId=test-consumer-group] Synchronous auto-commit of offsets {share-0=OffsetAndMetadata{offset=0, metadata=''}} failed: Commit cannot be completed since the group has already rebalanced and assigned the partitions to another member. This means that the time between subsequent calls to poll() was longer than the configured max.poll.interval.ms, which typically implies that the poll loop is spending too much time message processing. You can address this either by increasing the session timeout or by reducing the maximum size of batches returned in poll() with max.poll.records.
2021-02-06 21:19:52,809 WARN [org.springframework.kafka.KafkaListenerEndpointContainer#3-0-C-1] o.a.k.c.c.i.ConsumerCoordinator [ConsumerCoordinator.java:759] [Consumer clientId=consumer-4, groupId=test-consumer-group] Synchronous auto-commit of offsets {comment-0=OffsetAndMetadata{offset=1, metadata=''}, like-0=OffsetAndMetadata{offset=1, metadata=''}, follow-0=OffsetAndMetadata{offset=0, metadata=''}} failed: Commit cannot be completed since the group has already rebalanced and assigned the partitions to another member. This means that the time between subsequent calls to poll() was longer than the configured max.poll.interval.ms, which typically implies that the poll loop is spending too much time message processing. You can address this either by increasing the session timeout or by reducing the maximum size of batches returned in poll() with max.poll.records.
2021-02-06 21:22:32,690 WARN [HikariPool-1 housekeeper] c.z.h.p.HikariPool [HikariPool.java:766] HikariPool-1 - Thread starvation or clock leap detected (housekeeper delta=1m56s920ms673µs100ns).
