2021-01-19 11:44:21,927 INFO [restartedMain] c.g.c.CommunityApplication [StartupInfoLogger.java:55] Starting CommunityApplication using Java 1.8.0_172 on LAPTOP-5SJBI05C with PID 16896 (E:\GreateCommunity\target\classes started by 19124 in E:\GreateCommunity)
2021-01-19 11:44:21,932 INFO [restartedMain] c.g.c.CommunityApplication [SpringApplication.java:660] No active profile set, falling back to default profiles: default
2021-01-19 11:44:21,971 INFO [restartedMain] o.s.b.d.e.DevToolsPropertyDefaultsPostProcessor [DeferredLog.java:255] Devtools property defaults active! Set 'spring.devtools.add-properties' to 'false' to disable
2021-01-19 11:44:21,971 INFO [restartedMain] o.s.b.d.e.DevToolsPropertyDefaultsPostProcessor [DeferredLog.java:255] For additional web related logging consider setting the 'logging.level.web' property to 'DEBUG'
2021-01-19 11:44:22,606 INFO [restartedMain] o.s.d.r.c.RepositoryConfigurationDelegate [RepositoryConfigurationDelegate.java:250] Multiple Spring Data modules found, entering strict repository configuration mode!
2021-01-19 11:44:22,608 INFO [restartedMain] o.s.d.r.c.RepositoryConfigurationDelegate [RepositoryConfigurationDelegate.java:128] Bootstrapping Spring Data Elasticsearch repositories in DEFAULT mode.
2021-01-19 11:44:22,619 INFO [restartedMain] o.s.d.r.c.RepositoryConfigurationDelegate [RepositoryConfigurationDelegate.java:188] Finished Spring Data repository scanning in 7 ms. Found 0 Elasticsearch repository interfaces.
2021-01-19 11:44:22,623 INFO [restartedMain] o.s.d.r.c.RepositoryConfigurationDelegate [RepositoryConfigurationDelegate.java:250] Multiple Spring Data modules found, entering strict repository configuration mode!
2021-01-19 11:44:22,624 INFO [restartedMain] o.s.d.r.c.RepositoryConfigurationDelegate [RepositoryConfigurationDelegate.java:128] Bootstrapping Spring Data Reactive Elasticsearch repositories in DEFAULT mode.
2021-01-19 11:44:22,627 INFO [restartedMain] o.s.d.r.c.RepositoryConfigurationDelegate [RepositoryConfigurationDelegate.java:188] Finished Spring Data repository scanning in 3 ms. Found 0 Reactive Elasticsearch repository interfaces.
2021-01-19 11:44:22,639 INFO [restartedMain] o.s.d.r.c.RepositoryConfigurationDelegate [RepositoryConfigurationDelegate.java:250] Multiple Spring Data modules found, entering strict repository configuration mode!
2021-01-19 11:44:22,640 INFO [restartedMain] o.s.d.r.c.RepositoryConfigurationDelegate [RepositoryConfigurationDelegate.java:128] Bootstrapping Spring Data Redis repositories in DEFAULT mode.
2021-01-19 11:44:22,651 INFO [restartedMain] o.s.d.r.c.RepositoryConfigurationDelegate [RepositoryConfigurationDelegate.java:188] Finished Spring Data repository scanning in 2 ms. Found 0 Redis repository interfaces.
2021-01-19 11:44:22,942 INFO [restartedMain] c.u.j.c.EnableEncryptablePropertiesBeanFactoryPostProcessor [EnableEncryptablePropertiesBeanFactoryPostProcessor.java:48] Post-processing PropertySource instances
2021-01-19 11:44:23,083 INFO [restartedMain] c.u.j.EncryptablePropertySourceConverter [EncryptablePropertySourceConverter.java:41] Converting PropertySource configurationProperties [org.springframework.boot.context.properties.source.ConfigurationPropertySourcesPropertySource] to AOP Proxy
2021-01-19 11:44:23,085 INFO [restartedMain] c.u.j.EncryptablePropertySourceConverter [EncryptablePropertySourceConverter.java:41] Converting PropertySource servletConfigInitParams [org.springframework.core.env.PropertySource$StubPropertySource] to EncryptablePropertySourceWrapper
2021-01-19 11:44:23,086 INFO [restartedMain] c.u.j.EncryptablePropertySourceConverter [EncryptablePropertySourceConverter.java:41] Converting PropertySource servletContextInitParams [org.springframework.core.env.PropertySource$StubPropertySource] to EncryptablePropertySourceWrapper
2021-01-19 11:44:23,115 INFO [restartedMain] c.u.j.EncryptablePropertySourceConverter [EncryptablePropertySourceConverter.java:41] Converting PropertySource systemProperties [org.springframework.core.env.PropertiesPropertySource] to EncryptableMapPropertySourceWrapper
2021-01-19 11:44:23,118 INFO [restartedMain] c.u.j.EncryptablePropertySourceConverter [EncryptablePropertySourceConverter.java:41] Converting PropertySource systemEnvironment [org.springframework.boot.env.SystemEnvironmentPropertySourceEnvironmentPostProcessor$OriginAwareSystemEnvironmentPropertySource] to EncryptableSystemEnvironmentPropertySourceWrapper
2021-01-19 11:44:23,119 INFO [restartedMain] c.u.j.EncryptablePropertySourceConverter [EncryptablePropertySourceConverter.java:41] Converting PropertySource random [org.springframework.boot.env.RandomValuePropertySource] to EncryptablePropertySourceWrapper
2021-01-19 11:44:23,119 INFO [restartedMain] c.u.j.EncryptablePropertySourceConverter [EncryptablePropertySourceConverter.java:41] Converting PropertySource Config resource 'class path resource [application.properties]' via location 'optional:classpath:/' [org.springframework.boot.env.OriginTrackedMapPropertySource] to EncryptableMapPropertySourceWrapper
2021-01-19 11:44:23,124 INFO [restartedMain] c.u.j.EncryptablePropertySourceConverter [EncryptablePropertySourceConverter.java:41] Converting PropertySource devtools [org.springframework.core.env.MapPropertySource] to EncryptableMapPropertySourceWrapper
2021-01-19 11:44:23,359 INFO [restartedMain] c.u.j.f.DefaultLazyPropertyFilter [DefaultLazyPropertyFilter.java:34] Property Filter custom Bean not found with name 'encryptablePropertyFilter'. Initializing Default Property Filter
2021-01-19 11:44:24,118 INFO [restartedMain] c.u.j.r.DefaultLazyPropertyResolver [DefaultLazyPropertyResolver.java:35] Property Resolver custom Bean not found with name 'encryptablePropertyResolver'. Initializing Default Property Resolver
2021-01-19 11:44:24,123 INFO [restartedMain] c.u.j.d.DefaultLazyPropertyDetector [DefaultLazyPropertyDetector.java:33] Property Detector custom Bean not found with name 'encryptablePropertyDetector'. Initializing Default Property Detector
2021-01-19 11:44:24,566 INFO [restartedMain] o.s.b.w.e.t.TomcatWebServer [TomcatWebServer.java:108] Tomcat initialized with port(s): 8080 (http)
2021-01-19 11:44:24,582 INFO [restartedMain] o.a.c.h.Http11NioProtocol [DirectJDKLog.java:173] Initializing ProtocolHandler ["http-nio-8080"]
2021-01-19 11:44:24,583 INFO [restartedMain] o.a.c.c.StandardService [DirectJDKLog.java:173] Starting service [Tomcat]
2021-01-19 11:44:24,583 INFO [restartedMain] o.a.c.c.StandardEngine [DirectJDKLog.java:173] Starting Servlet engine: [Apache Tomcat/9.0.41]
2021-01-19 11:44:24,908 INFO [restartedMain] o.a.c.c.C.[.[.[/echo] [DirectJDKLog.java:173] Initializing Spring embedded WebApplicationContext
2021-01-19 11:44:24,909 INFO [restartedMain] o.s.b.w.s.c.ServletWebServerApplicationContext [ServletWebServerApplicationContext.java:289] Root WebApplicationContext: initialization completed in 2937 ms
2021-01-19 11:44:26,166 INFO [restartedMain] o.s.s.c.ThreadPoolTaskExecutor [ExecutorConfigurationSupport.java:181] Initializing ExecutorService 'applicationTaskExecutor'
2021-01-19 11:44:26,240 INFO [restartedMain] o.s.s.c.ThreadPoolTaskExecutor [ExecutorConfigurationSupport.java:218] Shutting down ExecutorService 'applicationTaskExecutor'
2021-01-19 11:44:26,246 INFO [restartedMain] o.a.c.c.StandardService [DirectJDKLog.java:173] Stopping service [Tomcat]
2021-01-19 11:44:26,270 INFO [restartedMain] o.s.b.a.l.ConditionEvaluationReportLoggingListener [ConditionEvaluationReportLoggingListener.java:136] 

Error starting ApplicationContext. To display the conditions report re-run your application with 'debug' enabled.
2021-01-19 11:53:14,112 INFO [restartedMain] c.g.c.CommunityApplication [StartupInfoLogger.java:55] Starting CommunityApplication using Java 1.8.0_172 on LAPTOP-5SJBI05C with PID 7056 (E:\GreateCommunity\target\classes started by 19124 in E:\GreateCommunity)
2021-01-19 11:53:14,114 INFO [restartedMain] c.g.c.CommunityApplication [SpringApplication.java:660] No active profile set, falling back to default profiles: default
2021-01-19 11:53:14,148 INFO [restartedMain] o.s.b.d.e.DevToolsPropertyDefaultsPostProcessor [DeferredLog.java:255] Devtools property defaults active! Set 'spring.devtools.add-properties' to 'false' to disable
2021-01-19 11:53:14,149 INFO [restartedMain] o.s.b.d.e.DevToolsPropertyDefaultsPostProcessor [DeferredLog.java:255] For additional web related logging consider setting the 'logging.level.web' property to 'DEBUG'
2021-01-19 11:53:14,629 INFO [restartedMain] o.s.d.r.c.RepositoryConfigurationDelegate [RepositoryConfigurationDelegate.java:250] Multiple Spring Data modules found, entering strict repository configuration mode!
2021-01-19 11:53:14,631 INFO [restartedMain] o.s.d.r.c.RepositoryConfigurationDelegate [RepositoryConfigurationDelegate.java:128] Bootstrapping Spring Data Elasticsearch repositories in DEFAULT mode.
2021-01-19 11:53:14,640 INFO [restartedMain] o.s.d.r.c.RepositoryConfigurationDelegate [RepositoryConfigurationDelegate.java:188] Finished Spring Data repository scanning in 6 ms. Found 0 Elasticsearch repository interfaces.
2021-01-19 11:53:14,643 INFO [restartedMain] o.s.d.r.c.RepositoryConfigurationDelegate [RepositoryConfigurationDelegate.java:250] Multiple Spring Data modules found, entering strict repository configuration mode!
2021-01-19 11:53:14,644 INFO [restartedMain] o.s.d.r.c.RepositoryConfigurationDelegate [RepositoryConfigurationDelegate.java:128] Bootstrapping Spring Data Reactive Elasticsearch repositories in DEFAULT mode.
2021-01-19 11:53:14,647 INFO [restartedMain] o.s.d.r.c.RepositoryConfigurationDelegate [RepositoryConfigurationDelegate.java:188] Finished Spring Data repository scanning in 2 ms. Found 0 Reactive Elasticsearch repository interfaces.
2021-01-19 11:53:14,655 INFO [restartedMain] o.s.d.r.c.RepositoryConfigurationDelegate [RepositoryConfigurationDelegate.java:250] Multiple Spring Data modules found, entering strict repository configuration mode!
2021-01-19 11:53:14,656 INFO [restartedMain] o.s.d.r.c.RepositoryConfigurationDelegate [RepositoryConfigurationDelegate.java:128] Bootstrapping Spring Data Redis repositories in DEFAULT mode.
2021-01-19 11:53:14,665 INFO [restartedMain] o.s.d.r.c.RepositoryConfigurationDelegate [RepositoryConfigurationDelegate.java:188] Finished Spring Data repository scanning in 2 ms. Found 0 Redis repository interfaces.
2021-01-19 11:53:14,820 INFO [restartedMain] c.u.j.c.EnableEncryptablePropertiesBeanFactoryPostProcessor [EnableEncryptablePropertiesBeanFactoryPostProcessor.java:48] Post-processing PropertySource instances
2021-01-19 11:53:14,866 INFO [restartedMain] c.u.j.EncryptablePropertySourceConverter [EncryptablePropertySourceConverter.java:41] Converting PropertySource configurationProperties [org.springframework.boot.context.properties.source.ConfigurationPropertySourcesPropertySource] to AOP Proxy
2021-01-19 11:53:14,867 INFO [restartedMain] c.u.j.EncryptablePropertySourceConverter [EncryptablePropertySourceConverter.java:41] Converting PropertySource servletConfigInitParams [org.springframework.core.env.PropertySource$StubPropertySource] to EncryptablePropertySourceWrapper
2021-01-19 11:53:14,868 INFO [restartedMain] c.u.j.EncryptablePropertySourceConverter [EncryptablePropertySourceConverter.java:41] Converting PropertySource servletContextInitParams [org.springframework.core.env.PropertySource$StubPropertySource] to EncryptablePropertySourceWrapper
2021-01-19 11:53:14,868 INFO [restartedMain] c.u.j.EncryptablePropertySourceConverter [EncryptablePropertySourceConverter.java:41] Converting PropertySource systemProperties [org.springframework.core.env.PropertiesPropertySource] to EncryptableMapPropertySourceWrapper
2021-01-19 11:53:14,868 INFO [restartedMain] c.u.j.EncryptablePropertySourceConverter [EncryptablePropertySourceConverter.java:41] Converting PropertySource systemEnvironment [org.springframework.boot.env.SystemEnvironmentPropertySourceEnvironmentPostProcessor$OriginAwareSystemEnvironmentPropertySource] to EncryptableSystemEnvironmentPropertySourceWrapper
2021-01-19 11:53:14,869 INFO [restartedMain] c.u.j.EncryptablePropertySourceConverter [EncryptablePropertySourceConverter.java:41] Converting PropertySource random [org.springframework.boot.env.RandomValuePropertySource] to EncryptablePropertySourceWrapper
2021-01-19 11:53:14,869 INFO [restartedMain] c.u.j.EncryptablePropertySourceConverter [EncryptablePropertySourceConverter.java:41] Converting PropertySource Config resource 'class path resource [application.properties]' via location 'optional:classpath:/' [org.springframework.boot.env.OriginTrackedMapPropertySource] to EncryptableMapPropertySourceWrapper
2021-01-19 11:53:14,869 INFO [restartedMain] c.u.j.EncryptablePropertySourceConverter [EncryptablePropertySourceConverter.java:41] Converting PropertySource devtools [org.springframework.core.env.MapPropertySource] to EncryptableMapPropertySourceWrapper
2021-01-19 11:53:14,900 INFO [restartedMain] c.u.j.f.DefaultLazyPropertyFilter [DefaultLazyPropertyFilter.java:34] Property Filter custom Bean not found with name 'encryptablePropertyFilter'. Initializing Default Property Filter
2021-01-19 11:53:14,997 INFO [restartedMain] c.u.j.r.DefaultLazyPropertyResolver [DefaultLazyPropertyResolver.java:35] Property Resolver custom Bean not found with name 'encryptablePropertyResolver'. Initializing Default Property Resolver
2021-01-19 11:53:14,999 INFO [restartedMain] c.u.j.d.DefaultLazyPropertyDetector [DefaultLazyPropertyDetector.java:33] Property Detector custom Bean not found with name 'encryptablePropertyDetector'. Initializing Default Property Detector
2021-01-19 11:53:15,178 INFO [restartedMain] o.s.b.w.e.t.TomcatWebServer [TomcatWebServer.java:108] Tomcat initialized with port(s): 8080 (http)
2021-01-19 11:53:15,185 INFO [restartedMain] o.a.c.h.Http11NioProtocol [DirectJDKLog.java:173] Initializing ProtocolHandler ["http-nio-8080"]
2021-01-19 11:53:15,185 INFO [restartedMain] o.a.c.c.StandardService [DirectJDKLog.java:173] Starting service [Tomcat]
2021-01-19 11:53:15,185 INFO [restartedMain] o.a.c.c.StandardEngine [DirectJDKLog.java:173] Starting Servlet engine: [Apache Tomcat/9.0.41]
2021-01-19 11:53:15,262 INFO [restartedMain] o.a.c.c.C.[.[.[/echo] [DirectJDKLog.java:173] Initializing Spring embedded WebApplicationContext
2021-01-19 11:53:15,262 INFO [restartedMain] o.s.b.w.s.c.ServletWebServerApplicationContext [ServletWebServerApplicationContext.java:289] Root WebApplicationContext: initialization completed in 1112 ms
2021-01-19 11:53:15,702 INFO [restartedMain] o.s.s.c.ThreadPoolTaskExecutor [ExecutorConfigurationSupport.java:181] Initializing ExecutorService 'applicationTaskExecutor'
2021-01-19 11:53:15,753 INFO [restartedMain] o.s.b.a.w.s.WelcomePageHandlerMapping [WelcomePageHandlerMapping.java:57] Adding welcome page template: index
2021-01-19 11:53:17,615 INFO [restartedMain] o.s.d.e.s.VersionInfo [VersionInfo.java:62] Version Spring Data Elasticsearch: 4.1.3
2021-01-19 11:53:17,615 INFO [restartedMain] o.s.d.e.s.VersionInfo [VersionInfo.java:63] Version Elasticsearch Client in build: 7.9.3
2021-01-19 11:53:17,615 INFO [restartedMain] o.s.d.e.s.VersionInfo [VersionInfo.java:64] Version Elasticsearch Client used: 7.9.3
2021-01-19 11:53:17,795 INFO [restartedMain] o.s.b.d.a.OptionalLiveReloadServer [OptionalLiveReloadServer.java:58] LiveReload server is running on port 35729
2021-01-19 11:53:17,810 INFO [restartedMain] o.a.c.h.Http11NioProtocol [DirectJDKLog.java:173] Starting ProtocolHandler ["http-nio-8080"]
2021-01-19 11:53:17,819 INFO [restartedMain] o.s.b.w.e.t.TomcatWebServer [TomcatWebServer.java:220] Tomcat started on port(s): 8080 (http) with context path '/echo'
2021-01-19 11:53:17,828 INFO [restartedMain] c.g.c.CommunityApplication [StartupInfoLogger.java:61] Started CommunityApplication in 4.088 seconds (JVM running for 4.952)
2021-01-19 11:53:30,582 INFO [http-nio-8080-exec-1] o.a.c.c.C.[.[.[/echo] [DirectJDKLog.java:173] Initializing Spring DispatcherServlet 'dispatcherServlet'
2021-01-19 11:53:30,582 INFO [http-nio-8080-exec-1] o.s.w.s.DispatcherServlet [FrameworkServlet.java:525] Initializing Servlet 'dispatcherServlet'
2021-01-19 11:53:30,583 INFO [http-nio-8080-exec-1] o.s.w.s.DispatcherServlet [FrameworkServlet.java:547] Completed initialization in 1 ms
2021-01-19 11:53:30,609 INFO [http-nio-8080-exec-1] c.z.h.HikariDataSource [HikariDataSource.java:110] HikariPool-1 - Starting...
2021-01-19 11:53:30,746 INFO [http-nio-8080-exec-1] c.z.h.HikariDataSource [HikariDataSource.java:123] HikariPool-1 - Start completed.
2021-01-19 12:32:30,525 INFO [restartedMain] c.g.c.CommunityApplication [StartupInfoLogger.java:55] Starting CommunityApplication using Java 1.8.0_172 on LAPTOP-5SJBI05C with PID 1672 (E:\GreateCommunity\target\classes started by 19124 in E:\GreateCommunity)
2021-01-19 12:32:30,529 INFO [restartedMain] c.g.c.CommunityApplication [SpringApplication.java:660] No active profile set, falling back to default profiles: default
2021-01-19 12:32:30,580 INFO [restartedMain] o.s.b.d.e.DevToolsPropertyDefaultsPostProcessor [DeferredLog.java:255] Devtools property defaults active! Set 'spring.devtools.add-properties' to 'false' to disable
2021-01-19 12:32:30,581 INFO [restartedMain] o.s.b.d.e.DevToolsPropertyDefaultsPostProcessor [DeferredLog.java:255] For additional web related logging consider setting the 'logging.level.web' property to 'DEBUG'
2021-01-19 12:32:31,294 INFO [restartedMain] o.s.d.r.c.RepositoryConfigurationDelegate [RepositoryConfigurationDelegate.java:250] Multiple Spring Data modules found, entering strict repository configuration mode!
2021-01-19 12:32:31,296 INFO [restartedMain] o.s.d.r.c.RepositoryConfigurationDelegate [RepositoryConfigurationDelegate.java:128] Bootstrapping Spring Data Elasticsearch repositories in DEFAULT mode.
2021-01-19 12:32:31,309 INFO [restartedMain] o.s.d.r.c.RepositoryConfigurationDelegate [RepositoryConfigurationDelegate.java:188] Finished Spring Data repository scanning in 8 ms. Found 0 Elasticsearch repository interfaces.
2021-01-19 12:32:31,312 INFO [restartedMain] o.s.d.r.c.RepositoryConfigurationDelegate [RepositoryConfigurationDelegate.java:250] Multiple Spring Data modules found, entering strict repository configuration mode!
2021-01-19 12:32:31,313 INFO [restartedMain] o.s.d.r.c.RepositoryConfigurationDelegate [RepositoryConfigurationDelegate.java:128] Bootstrapping Spring Data Reactive Elasticsearch repositories in DEFAULT mode.
2021-01-19 12:32:31,317 INFO [restartedMain] o.s.d.r.c.RepositoryConfigurationDelegate [RepositoryConfigurationDelegate.java:188] Finished Spring Data repository scanning in 3 ms. Found 0 Reactive Elasticsearch repository interfaces.
2021-01-19 12:32:31,329 INFO [restartedMain] o.s.d.r.c.RepositoryConfigurationDelegate [RepositoryConfigurationDelegate.java:250] Multiple Spring Data modules found, entering strict repository configuration mode!
2021-01-19 12:32:31,330 INFO [restartedMain] o.s.d.r.c.RepositoryConfigurationDelegate [RepositoryConfigurationDelegate.java:128] Bootstrapping Spring Data Redis repositories in DEFAULT mode.
2021-01-19 12:32:31,343 INFO [restartedMain] o.s.d.r.c.RepositoryConfigurationDelegate [RepositoryConfigurationDelegate.java:188] Finished Spring Data repository scanning in 3 ms. Found 0 Redis repository interfaces.
2021-01-19 12:32:31,562 INFO [restartedMain] c.u.j.c.EnableEncryptablePropertiesBeanFactoryPostProcessor [EnableEncryptablePropertiesBeanFactoryPostProcessor.java:48] Post-processing PropertySource instances
2021-01-19 12:32:31,623 INFO [restartedMain] c.u.j.EncryptablePropertySourceConverter [EncryptablePropertySourceConverter.java:41] Converting PropertySource configurationProperties [org.springframework.boot.context.properties.source.ConfigurationPropertySourcesPropertySource] to AOP Proxy
2021-01-19 12:32:31,625 INFO [restartedMain] c.u.j.EncryptablePropertySourceConverter [EncryptablePropertySourceConverter.java:41] Converting PropertySource servletConfigInitParams [org.springframework.core.env.PropertySource$StubPropertySource] to EncryptablePropertySourceWrapper
2021-01-19 12:32:31,625 INFO [restartedMain] c.u.j.EncryptablePropertySourceConverter [EncryptablePropertySourceConverter.java:41] Converting PropertySource servletContextInitParams [org.springframework.core.env.PropertySource$StubPropertySource] to EncryptablePropertySourceWrapper
2021-01-19 12:32:31,626 INFO [restartedMain] c.u.j.EncryptablePropertySourceConverter [EncryptablePropertySourceConverter.java:41] Converting PropertySource systemProperties [org.springframework.core.env.PropertiesPropertySource] to EncryptableMapPropertySourceWrapper
2021-01-19 12:32:31,626 INFO [restartedMain] c.u.j.EncryptablePropertySourceConverter [EncryptablePropertySourceConverter.java:41] Converting PropertySource systemEnvironment [org.springframework.boot.env.SystemEnvironmentPropertySourceEnvironmentPostProcessor$OriginAwareSystemEnvironmentPropertySource] to EncryptableSystemEnvironmentPropertySourceWrapper
2021-01-19 12:32:31,626 INFO [restartedMain] c.u.j.EncryptablePropertySourceConverter [EncryptablePropertySourceConverter.java:41] Converting PropertySource random [org.springframework.boot.env.RandomValuePropertySource] to EncryptablePropertySourceWrapper
2021-01-19 12:32:31,627 INFO [restartedMain] c.u.j.EncryptablePropertySourceConverter [EncryptablePropertySourceConverter.java:41] Converting PropertySource Config resource 'class path resource [application.properties]' via location 'optional:classpath:/' [org.springframework.boot.env.OriginTrackedMapPropertySource] to EncryptableMapPropertySourceWrapper
2021-01-19 12:32:31,627 INFO [restartedMain] c.u.j.EncryptablePropertySourceConverter [EncryptablePropertySourceConverter.java:41] Converting PropertySource devtools [org.springframework.core.env.MapPropertySource] to EncryptableMapPropertySourceWrapper
2021-01-19 12:32:31,670 INFO [restartedMain] c.u.j.f.DefaultLazyPropertyFilter [DefaultLazyPropertyFilter.java:34] Property Filter custom Bean not found with name 'encryptablePropertyFilter'. Initializing Default Property Filter
2021-01-19 12:32:31,805 INFO [restartedMain] c.u.j.r.DefaultLazyPropertyResolver [DefaultLazyPropertyResolver.java:35] Property Resolver custom Bean not found with name 'encryptablePropertyResolver'. Initializing Default Property Resolver
2021-01-19 12:32:31,807 INFO [restartedMain] c.u.j.d.DefaultLazyPropertyDetector [DefaultLazyPropertyDetector.java:33] Property Detector custom Bean not found with name 'encryptablePropertyDetector'. Initializing Default Property Detector
2021-01-19 12:32:32,067 INFO [restartedMain] o.s.b.w.e.t.TomcatWebServer [TomcatWebServer.java:108] Tomcat initialized with port(s): 8080 (http)
2021-01-19 12:32:32,076 INFO [restartedMain] o.a.c.h.Http11NioProtocol [DirectJDKLog.java:173] Initializing ProtocolHandler ["http-nio-8080"]
2021-01-19 12:32:32,077 INFO [restartedMain] o.a.c.c.StandardService [DirectJDKLog.java:173] Starting service [Tomcat]
2021-01-19 12:32:32,077 INFO [restartedMain] o.a.c.c.StandardEngine [DirectJDKLog.java:173] Starting Servlet engine: [Apache Tomcat/9.0.41]
2021-01-19 12:32:32,187 INFO [restartedMain] o.a.c.c.C.[.[.[/echo] [DirectJDKLog.java:173] Initializing Spring embedded WebApplicationContext
2021-01-19 12:32:32,188 INFO [restartedMain] o.s.b.w.s.c.ServletWebServerApplicationContext [ServletWebServerApplicationContext.java:289] Root WebApplicationContext: initialization completed in 1605 ms
2021-01-19 12:32:32,750 INFO [restartedMain] o.s.s.c.ThreadPoolTaskExecutor [ExecutorConfigurationSupport.java:181] Initializing ExecutorService 'applicationTaskExecutor'
2021-01-19 12:32:32,813 INFO [restartedMain] o.s.b.a.w.s.WelcomePageHandlerMapping [WelcomePageHandlerMapping.java:57] Adding welcome page template: index
2021-01-19 12:32:34,728 INFO [restartedMain] o.s.d.e.s.VersionInfo [VersionInfo.java:62] Version Spring Data Elasticsearch: 4.1.3
2021-01-19 12:32:34,728 INFO [restartedMain] o.s.d.e.s.VersionInfo [VersionInfo.java:63] Version Elasticsearch Client in build: 7.9.3
2021-01-19 12:32:34,728 INFO [restartedMain] o.s.d.e.s.VersionInfo [VersionInfo.java:64] Version Elasticsearch Client used: 7.9.3
2021-01-19 12:32:34,894 INFO [restartedMain] o.s.b.d.a.OptionalLiveReloadServer [OptionalLiveReloadServer.java:58] LiveReload server is running on port 35729
2021-01-19 12:32:34,911 INFO [restartedMain] o.a.c.h.Http11NioProtocol [DirectJDKLog.java:173] Starting ProtocolHandler ["http-nio-8080"]
2021-01-19 12:32:34,921 INFO [restartedMain] o.s.b.w.e.t.TomcatWebServer [TomcatWebServer.java:220] Tomcat started on port(s): 8080 (http) with context path '/echo'
2021-01-19 12:32:34,930 INFO [restartedMain] c.g.c.CommunityApplication [StartupInfoLogger.java:61] Started CommunityApplication in 4.973 seconds (JVM running for 6.19)
2021-01-19 12:32:35,068 INFO [http-nio-8080-exec-1] o.a.c.c.C.[.[.[/echo] [DirectJDKLog.java:173] Initializing Spring DispatcherServlet 'dispatcherServlet'
2021-01-19 12:32:35,068 INFO [http-nio-8080-exec-1] o.s.w.s.DispatcherServlet [FrameworkServlet.java:525] Initializing Servlet 'dispatcherServlet'
2021-01-19 12:32:35,069 INFO [http-nio-8080-exec-1] o.s.w.s.DispatcherServlet [FrameworkServlet.java:547] Completed initialization in 1 ms
2021-01-19 12:32:35,090 INFO [http-nio-8080-exec-1] c.z.h.HikariDataSource [HikariDataSource.java:110] HikariPool-1 - Starting...
2021-01-19 12:32:35,212 INFO [http-nio-8080-exec-1] c.z.h.HikariDataSource [HikariDataSource.java:123] HikariPool-1 - Start completed.
2021-01-19 12:33:59,439 INFO [restartedMain] c.g.c.CommunityApplication [StartupInfoLogger.java:55] Starting CommunityApplication using Java 1.8.0_172 on LAPTOP-5SJBI05C with PID 21872 (E:\GreateCommunity\target\classes started by 19124 in E:\GreateCommunity)
2021-01-19 12:33:59,442 INFO [restartedMain] c.g.c.CommunityApplication [SpringApplication.java:660] No active profile set, falling back to default profiles: default
2021-01-19 12:33:59,476 INFO [restartedMain] o.s.b.d.e.DevToolsPropertyDefaultsPostProcessor [DeferredLog.java:255] Devtools property defaults active! Set 'spring.devtools.add-properties' to 'false' to disable
2021-01-19 12:33:59,476 INFO [restartedMain] o.s.b.d.e.DevToolsPropertyDefaultsPostProcessor [DeferredLog.java:255] For additional web related logging consider setting the 'logging.level.web' property to 'DEBUG'
2021-01-19 12:33:59,972 INFO [restartedMain] o.s.d.r.c.RepositoryConfigurationDelegate [RepositoryConfigurationDelegate.java:250] Multiple Spring Data modules found, entering strict repository configuration mode!
2021-01-19 12:33:59,973 INFO [restartedMain] o.s.d.r.c.RepositoryConfigurationDelegate [RepositoryConfigurationDelegate.java:128] Bootstrapping Spring Data Elasticsearch repositories in DEFAULT mode.
2021-01-19 12:33:59,983 INFO [restartedMain] o.s.d.r.c.RepositoryConfigurationDelegate [RepositoryConfigurationDelegate.java:188] Finished Spring Data repository scanning in 6 ms. Found 0 Elasticsearch repository interfaces.
2021-01-19 12:33:59,986 INFO [restartedMain] o.s.d.r.c.RepositoryConfigurationDelegate [RepositoryConfigurationDelegate.java:250] Multiple Spring Data modules found, entering strict repository configuration mode!
2021-01-19 12:33:59,987 INFO [restartedMain] o.s.d.r.c.RepositoryConfigurationDelegate [RepositoryConfigurationDelegate.java:128] Bootstrapping Spring Data Reactive Elasticsearch repositories in DEFAULT mode.
2021-01-19 12:33:59,989 INFO [restartedMain] o.s.d.r.c.RepositoryConfigurationDelegate [RepositoryConfigurationDelegate.java:188] Finished Spring Data repository scanning in 2 ms. Found 0 Reactive Elasticsearch repository interfaces.
2021-01-19 12:33:59,998 INFO [restartedMain] o.s.d.r.c.RepositoryConfigurationDelegate [RepositoryConfigurationDelegate.java:250] Multiple Spring Data modules found, entering strict repository configuration mode!
2021-01-19 12:33:59,999 INFO [restartedMain] o.s.d.r.c.RepositoryConfigurationDelegate [RepositoryConfigurationDelegate.java:128] Bootstrapping Spring Data Redis repositories in DEFAULT mode.
2021-01-19 12:34:00,011 INFO [restartedMain] o.s.d.r.c.RepositoryConfigurationDelegate [RepositoryConfigurationDelegate.java:188] Finished Spring Data repository scanning in 2 ms. Found 0 Redis repository interfaces.
2021-01-19 12:34:00,168 INFO [restartedMain] c.u.j.c.EnableEncryptablePropertiesBeanFactoryPostProcessor [EnableEncryptablePropertiesBeanFactoryPostProcessor.java:48] Post-processing PropertySource instances
2021-01-19 12:34:00,208 INFO [restartedMain] c.u.j.EncryptablePropertySourceConverter [EncryptablePropertySourceConverter.java:41] Converting PropertySource configurationProperties [org.springframework.boot.context.properties.source.ConfigurationPropertySourcesPropertySource] to AOP Proxy
2021-01-19 12:34:00,210 INFO [restartedMain] c.u.j.EncryptablePropertySourceConverter [EncryptablePropertySourceConverter.java:41] Converting PropertySource servletConfigInitParams [org.springframework.core.env.PropertySource$StubPropertySource] to EncryptablePropertySourceWrapper
2021-01-19 12:34:00,210 INFO [restartedMain] c.u.j.EncryptablePropertySourceConverter [EncryptablePropertySourceConverter.java:41] Converting PropertySource servletContextInitParams [org.springframework.core.env.PropertySource$StubPropertySource] to EncryptablePropertySourceWrapper
2021-01-19 12:34:00,210 INFO [restartedMain] c.u.j.EncryptablePropertySourceConverter [EncryptablePropertySourceConverter.java:41] Converting PropertySource systemProperties [org.springframework.core.env.PropertiesPropertySource] to EncryptableMapPropertySourceWrapper
2021-01-19 12:34:00,211 INFO [restartedMain] c.u.j.EncryptablePropertySourceConverter [EncryptablePropertySourceConverter.java:41] Converting PropertySource systemEnvironment [org.springframework.boot.env.SystemEnvironmentPropertySourceEnvironmentPostProcessor$OriginAwareSystemEnvironmentPropertySource] to EncryptableSystemEnvironmentPropertySourceWrapper
2021-01-19 12:34:00,211 INFO [restartedMain] c.u.j.EncryptablePropertySourceConverter [EncryptablePropertySourceConverter.java:41] Converting PropertySource random [org.springframework.boot.env.RandomValuePropertySource] to EncryptablePropertySourceWrapper
2021-01-19 12:34:00,211 INFO [restartedMain] c.u.j.EncryptablePropertySourceConverter [EncryptablePropertySourceConverter.java:41] Converting PropertySource Config resource 'class path resource [application.properties]' via location 'optional:classpath:/' [org.springframework.boot.env.OriginTrackedMapPropertySource] to EncryptableMapPropertySourceWrapper
2021-01-19 12:34:00,211 INFO [restartedMain] c.u.j.EncryptablePropertySourceConverter [EncryptablePropertySourceConverter.java:41] Converting PropertySource devtools [org.springframework.core.env.MapPropertySource] to EncryptableMapPropertySourceWrapper
2021-01-19 12:34:00,242 INFO [restartedMain] c.u.j.f.DefaultLazyPropertyFilter [DefaultLazyPropertyFilter.java:34] Property Filter custom Bean not found with name 'encryptablePropertyFilter'. Initializing Default Property Filter
2021-01-19 12:34:00,343 INFO [restartedMain] c.u.j.r.DefaultLazyPropertyResolver [DefaultLazyPropertyResolver.java:35] Property Resolver custom Bean not found with name 'encryptablePropertyResolver'. Initializing Default Property Resolver
2021-01-19 12:34:00,345 INFO [restartedMain] c.u.j.d.DefaultLazyPropertyDetector [DefaultLazyPropertyDetector.java:33] Property Detector custom Bean not found with name 'encryptablePropertyDetector'. Initializing Default Property Detector
2021-01-19 12:34:00,552 INFO [restartedMain] o.s.b.w.e.t.TomcatWebServer [TomcatWebServer.java:108] Tomcat initialized with port(s): 8080 (http)
2021-01-19 12:34:00,559 INFO [restartedMain] o.a.c.h.Http11NioProtocol [DirectJDKLog.java:173] Initializing ProtocolHandler ["http-nio-8080"]
2021-01-19 12:34:00,559 INFO [restartedMain] o.a.c.c.StandardService [DirectJDKLog.java:173] Starting service [Tomcat]
2021-01-19 12:34:00,559 INFO [restartedMain] o.a.c.c.StandardEngine [DirectJDKLog.java:173] Starting Servlet engine: [Apache Tomcat/9.0.41]
2021-01-19 12:34:00,644 INFO [restartedMain] o.a.c.c.C.[.[.[/echo] [DirectJDKLog.java:173] Initializing Spring embedded WebApplicationContext
2021-01-19 12:34:00,645 INFO [restartedMain] o.s.b.w.s.c.ServletWebServerApplicationContext [ServletWebServerApplicationContext.java:289] Root WebApplicationContext: initialization completed in 1168 ms
2021-01-19 12:34:01,141 INFO [restartedMain] o.s.s.c.ThreadPoolTaskExecutor [ExecutorConfigurationSupport.java:181] Initializing ExecutorService 'applicationTaskExecutor'
2021-01-19 12:34:01,207 INFO [restartedMain] o.s.b.a.w.s.WelcomePageHandlerMapping [WelcomePageHandlerMapping.java:57] Adding welcome page template: index
2021-01-19 12:34:03,166 INFO [restartedMain] o.s.d.e.s.VersionInfo [VersionInfo.java:62] Version Spring Data Elasticsearch: 4.1.3
2021-01-19 12:34:03,166 INFO [restartedMain] o.s.d.e.s.VersionInfo [VersionInfo.java:63] Version Elasticsearch Client in build: 7.9.3
2021-01-19 12:34:03,166 INFO [restartedMain] o.s.d.e.s.VersionInfo [VersionInfo.java:64] Version Elasticsearch Client used: 7.9.3
2021-01-19 12:34:03,348 INFO [restartedMain] o.s.b.d.a.OptionalLiveReloadServer [OptionalLiveReloadServer.java:58] LiveReload server is running on port 35729
2021-01-19 12:34:03,366 INFO [restartedMain] o.a.c.h.Http11NioProtocol [DirectJDKLog.java:173] Starting ProtocolHandler ["http-nio-8080"]
2021-01-19 12:34:03,378 INFO [restartedMain] o.s.b.w.e.t.TomcatWebServer [TomcatWebServer.java:220] Tomcat started on port(s): 8080 (http) with context path '/echo'
2021-01-19 12:34:03,389 INFO [restartedMain] c.g.c.CommunityApplication [StartupInfoLogger.java:61] Started CommunityApplication in 4.302 seconds (JVM running for 5.198)
2021-01-19 12:34:47,180 INFO [restartedMain] c.g.c.CommunityApplication [StartupInfoLogger.java:55] Starting CommunityApplication using Java 1.8.0_172 on LAPTOP-5SJBI05C with PID 14432 (E:\GreateCommunity\target\classes started by 19124 in E:\GreateCommunity)
2021-01-19 12:34:47,183 INFO [restartedMain] c.g.c.CommunityApplication [SpringApplication.java:660] No active profile set, falling back to default profiles: default
2021-01-19 12:34:47,219 INFO [restartedMain] o.s.b.d.e.DevToolsPropertyDefaultsPostProcessor [DeferredLog.java:255] Devtools property defaults active! Set 'spring.devtools.add-properties' to 'false' to disable
2021-01-19 12:34:47,220 INFO [restartedMain] o.s.b.d.e.DevToolsPropertyDefaultsPostProcessor [DeferredLog.java:255] For additional web related logging consider setting the 'logging.level.web' property to 'DEBUG'
2021-01-19 12:34:47,710 INFO [restartedMain] o.s.d.r.c.RepositoryConfigurationDelegate [RepositoryConfigurationDelegate.java:250] Multiple Spring Data modules found, entering strict repository configuration mode!
2021-01-19 12:34:47,712 INFO [restartedMain] o.s.d.r.c.RepositoryConfigurationDelegate [RepositoryConfigurationDelegate.java:128] Bootstrapping Spring Data Elasticsearch repositories in DEFAULT mode.
2021-01-19 12:34:47,721 INFO [restartedMain] o.s.d.r.c.RepositoryConfigurationDelegate [RepositoryConfigurationDelegate.java:188] Finished Spring Data repository scanning in 6 ms. Found 0 Elasticsearch repository interfaces.
2021-01-19 12:34:47,725 INFO [restartedMain] o.s.d.r.c.RepositoryConfigurationDelegate [RepositoryConfigurationDelegate.java:250] Multiple Spring Data modules found, entering strict repository configuration mode!
2021-01-19 12:34:47,726 INFO [restartedMain] o.s.d.r.c.RepositoryConfigurationDelegate [RepositoryConfigurationDelegate.java:128] Bootstrapping Spring Data Reactive Elasticsearch repositories in DEFAULT mode.
2021-01-19 12:34:47,729 INFO [restartedMain] o.s.d.r.c.RepositoryConfigurationDelegate [RepositoryConfigurationDelegate.java:188] Finished Spring Data repository scanning in 2 ms. Found 0 Reactive Elasticsearch repository interfaces.
2021-01-19 12:34:47,738 INFO [restartedMain] o.s.d.r.c.RepositoryConfigurationDelegate [RepositoryConfigurationDelegate.java:250] Multiple Spring Data modules found, entering strict repository configuration mode!
2021-01-19 12:34:47,739 INFO [restartedMain] o.s.d.r.c.RepositoryConfigurationDelegate [RepositoryConfigurationDelegate.java:128] Bootstrapping Spring Data Redis repositories in DEFAULT mode.
2021-01-19 12:34:47,748 INFO [restartedMain] o.s.d.r.c.RepositoryConfigurationDelegate [RepositoryConfigurationDelegate.java:188] Finished Spring Data repository scanning in 2 ms. Found 0 Redis repository interfaces.
2021-01-19 12:34:47,914 INFO [restartedMain] c.u.j.c.EnableEncryptablePropertiesBeanFactoryPostProcessor [EnableEncryptablePropertiesBeanFactoryPostProcessor.java:48] Post-processing PropertySource instances
2021-01-19 12:34:47,963 INFO [restartedMain] c.u.j.EncryptablePropertySourceConverter [EncryptablePropertySourceConverter.java:41] Converting PropertySource configurationProperties [org.springframework.boot.context.properties.source.ConfigurationPropertySourcesPropertySource] to AOP Proxy
2021-01-19 12:34:47,964 INFO [restartedMain] c.u.j.EncryptablePropertySourceConverter [EncryptablePropertySourceConverter.java:41] Converting PropertySource servletConfigInitParams [org.springframework.core.env.PropertySource$StubPropertySource] to EncryptablePropertySourceWrapper
2021-01-19 12:34:47,965 INFO [restartedMain] c.u.j.EncryptablePropertySourceConverter [EncryptablePropertySourceConverter.java:41] Converting PropertySource servletContextInitParams [org.springframework.core.env.PropertySource$StubPropertySource] to EncryptablePropertySourceWrapper
2021-01-19 12:34:47,965 INFO [restartedMain] c.u.j.EncryptablePropertySourceConverter [EncryptablePropertySourceConverter.java:41] Converting PropertySource systemProperties [org.springframework.core.env.PropertiesPropertySource] to EncryptableMapPropertySourceWrapper
2021-01-19 12:34:47,965 INFO [restartedMain] c.u.j.EncryptablePropertySourceConverter [EncryptablePropertySourceConverter.java:41] Converting PropertySource systemEnvironment [org.springframework.boot.env.SystemEnvironmentPropertySourceEnvironmentPostProcessor$OriginAwareSystemEnvironmentPropertySource] to EncryptableSystemEnvironmentPropertySourceWrapper
2021-01-19 12:34:47,966 INFO [restartedMain] c.u.j.EncryptablePropertySourceConverter [EncryptablePropertySourceConverter.java:41] Converting PropertySource random [org.springframework.boot.env.RandomValuePropertySource] to EncryptablePropertySourceWrapper
2021-01-19 12:34:47,966 INFO [restartedMain] c.u.j.EncryptablePropertySourceConverter [EncryptablePropertySourceConverter.java:41] Converting PropertySource Config resource 'class path resource [application.properties]' via location 'optional:classpath:/' [org.springframework.boot.env.OriginTrackedMapPropertySource] to EncryptableMapPropertySourceWrapper
2021-01-19 12:34:47,966 INFO [restartedMain] c.u.j.EncryptablePropertySourceConverter [EncryptablePropertySourceConverter.java:41] Converting PropertySource devtools [org.springframework.core.env.MapPropertySource] to EncryptableMapPropertySourceWrapper
2021-01-19 12:34:47,998 INFO [restartedMain] c.u.j.f.DefaultLazyPropertyFilter [DefaultLazyPropertyFilter.java:34] Property Filter custom Bean not found with name 'encryptablePropertyFilter'. Initializing Default Property Filter
2021-01-19 12:34:48,096 INFO [restartedMain] c.u.j.r.DefaultLazyPropertyResolver [DefaultLazyPropertyResolver.java:35] Property Resolver custom Bean not found with name 'encryptablePropertyResolver'. Initializing Default Property Resolver
2021-01-19 12:34:48,098 INFO [restartedMain] c.u.j.d.DefaultLazyPropertyDetector [DefaultLazyPropertyDetector.java:33] Property Detector custom Bean not found with name 'encryptablePropertyDetector'. Initializing Default Property Detector
2021-01-19 12:34:48,296 INFO [restartedMain] o.s.b.w.e.t.TomcatWebServer [TomcatWebServer.java:108] Tomcat initialized with port(s): 8080 (http)
2021-01-19 12:34:48,302 INFO [restartedMain] o.a.c.h.Http11NioProtocol [DirectJDKLog.java:173] Initializing ProtocolHandler ["http-nio-8080"]
2021-01-19 12:34:48,303 INFO [restartedMain] o.a.c.c.StandardService [DirectJDKLog.java:173] Starting service [Tomcat]
2021-01-19 12:34:48,303 INFO [restartedMain] o.a.c.c.StandardEngine [DirectJDKLog.java:173] Starting Servlet engine: [Apache Tomcat/9.0.41]
2021-01-19 12:34:48,395 INFO [restartedMain] o.a.c.c.C.[.[.[/echo] [DirectJDKLog.java:173] Initializing Spring embedded WebApplicationContext
2021-01-19 12:34:48,395 INFO [restartedMain] o.s.b.w.s.c.ServletWebServerApplicationContext [ServletWebServerApplicationContext.java:289] Root WebApplicationContext: initialization completed in 1173 ms
2021-01-19 12:34:48,847 INFO [restartedMain] o.s.s.c.ThreadPoolTaskExecutor [ExecutorConfigurationSupport.java:181] Initializing ExecutorService 'applicationTaskExecutor'
2021-01-19 12:34:48,901 INFO [restartedMain] o.s.b.a.w.s.WelcomePageHandlerMapping [WelcomePageHandlerMapping.java:57] Adding welcome page template: index
2021-01-19 12:34:50,692 INFO [restartedMain] o.s.d.e.s.VersionInfo [VersionInfo.java:62] Version Spring Data Elasticsearch: 4.1.3
2021-01-19 12:34:50,693 INFO [restartedMain] o.s.d.e.s.VersionInfo [VersionInfo.java:63] Version Elasticsearch Client in build: 7.9.3
2021-01-19 12:34:50,693 INFO [restartedMain] o.s.d.e.s.VersionInfo [VersionInfo.java:64] Version Elasticsearch Client used: 7.9.3
2021-01-19 12:34:50,848 INFO [restartedMain] o.s.b.d.a.OptionalLiveReloadServer [OptionalLiveReloadServer.java:58] LiveReload server is running on port 35729
2021-01-19 12:34:50,867 INFO [restartedMain] o.a.c.h.Http11NioProtocol [DirectJDKLog.java:173] Starting ProtocolHandler ["http-nio-8080"]
2021-01-19 12:34:50,878 INFO [restartedMain] o.s.b.w.e.t.TomcatWebServer [TomcatWebServer.java:220] Tomcat started on port(s): 8080 (http) with context path '/echo'
2021-01-19 12:34:50,888 INFO [restartedMain] c.g.c.CommunityApplication [StartupInfoLogger.java:61] Started CommunityApplication in 4.081 seconds (JVM running for 5.101)
2021-01-19 12:34:53,246 INFO [http-nio-8080-exec-1] o.a.c.c.C.[.[.[/echo] [DirectJDKLog.java:173] Initializing Spring DispatcherServlet 'dispatcherServlet'
2021-01-19 12:34:53,246 INFO [http-nio-8080-exec-1] o.s.w.s.DispatcherServlet [FrameworkServlet.java:525] Initializing Servlet 'dispatcherServlet'
2021-01-19 12:34:53,247 INFO [http-nio-8080-exec-1] o.s.w.s.DispatcherServlet [FrameworkServlet.java:547] Completed initialization in 1 ms
2021-01-19 12:34:53,269 INFO [http-nio-8080-exec-1] c.z.h.HikariDataSource [HikariDataSource.java:110] HikariPool-1 - Starting...
2021-01-19 12:34:53,397 INFO [http-nio-8080-exec-1] c.z.h.HikariDataSource [HikariDataSource.java:123] HikariPool-1 - Start completed.
2021-01-19 12:56:04,313 INFO [restartedMain] c.g.c.CommunityApplication [StartupInfoLogger.java:55] Starting CommunityApplication using Java 1.8.0_172 on LAPTOP-5SJBI05C with PID 19820 (E:\GreateCommunity\target\classes started by 19124 in E:\GreateCommunity)
2021-01-19 12:56:04,317 INFO [restartedMain] c.g.c.CommunityApplication [SpringApplication.java:660] No active profile set, falling back to default profiles: default
2021-01-19 12:56:04,374 INFO [restartedMain] o.s.b.d.e.DevToolsPropertyDefaultsPostProcessor [DeferredLog.java:255] Devtools property defaults active! Set 'spring.devtools.add-properties' to 'false' to disable
2021-01-19 12:56:04,375 INFO [restartedMain] o.s.b.d.e.DevToolsPropertyDefaultsPostProcessor [DeferredLog.java:255] For additional web related logging consider setting the 'logging.level.web' property to 'DEBUG'
2021-01-19 12:56:05,096 INFO [restartedMain] o.s.d.r.c.RepositoryConfigurationDelegate [RepositoryConfigurationDelegate.java:250] Multiple Spring Data modules found, entering strict repository configuration mode!
2021-01-19 12:56:05,098 INFO [restartedMain] o.s.d.r.c.RepositoryConfigurationDelegate [RepositoryConfigurationDelegate.java:128] Bootstrapping Spring Data Elasticsearch repositories in DEFAULT mode.
2021-01-19 12:56:05,112 INFO [restartedMain] o.s.d.r.c.RepositoryConfigurationDelegate [RepositoryConfigurationDelegate.java:188] Finished Spring Data repository scanning in 9 ms. Found 0 Elasticsearch repository interfaces.
2021-01-19 12:56:05,116 INFO [restartedMain] o.s.d.r.c.RepositoryConfigurationDelegate [RepositoryConfigurationDelegate.java:250] Multiple Spring Data modules found, entering strict repository configuration mode!
2021-01-19 12:56:05,116 INFO [restartedMain] o.s.d.r.c.RepositoryConfigurationDelegate [RepositoryConfigurationDelegate.java:128] Bootstrapping Spring Data Reactive Elasticsearch repositories in DEFAULT mode.
2021-01-19 12:56:05,120 INFO [restartedMain] o.s.d.r.c.RepositoryConfigurationDelegate [RepositoryConfigurationDelegate.java:188] Finished Spring Data repository scanning in 3 ms. Found 0 Reactive Elasticsearch repository interfaces.
2021-01-19 12:56:05,132 INFO [restartedMain] o.s.d.r.c.RepositoryConfigurationDelegate [RepositoryConfigurationDelegate.java:250] Multiple Spring Data modules found, entering strict repository configuration mode!
2021-01-19 12:56:05,133 INFO [restartedMain] o.s.d.r.c.RepositoryConfigurationDelegate [RepositoryConfigurationDelegate.java:128] Bootstrapping Spring Data Redis repositories in DEFAULT mode.
2021-01-19 12:56:05,146 INFO [restartedMain] o.s.d.r.c.RepositoryConfigurationDelegate [RepositoryConfigurationDelegate.java:188] Finished Spring Data repository scanning in 3 ms. Found 0 Redis repository interfaces.
2021-01-19 12:56:05,356 INFO [restartedMain] c.u.j.c.EnableEncryptablePropertiesBeanFactoryPostProcessor [EnableEncryptablePropertiesBeanFactoryPostProcessor.java:48] Post-processing PropertySource instances
2021-01-19 12:56:05,416 INFO [restartedMain] c.u.j.EncryptablePropertySourceConverter [EncryptablePropertySourceConverter.java:41] Converting PropertySource configurationProperties [org.springframework.boot.context.properties.source.ConfigurationPropertySourcesPropertySource] to AOP Proxy
2021-01-19 12:56:05,418 INFO [restartedMain] c.u.j.EncryptablePropertySourceConverter [EncryptablePropertySourceConverter.java:41] Converting PropertySource servletConfigInitParams [org.springframework.core.env.PropertySource$StubPropertySource] to EncryptablePropertySourceWrapper
2021-01-19 12:56:05,418 INFO [restartedMain] c.u.j.EncryptablePropertySourceConverter [EncryptablePropertySourceConverter.java:41] Converting PropertySource servletContextInitParams [org.springframework.core.env.PropertySource$StubPropertySource] to EncryptablePropertySourceWrapper
2021-01-19 12:56:05,419 INFO [restartedMain] c.u.j.EncryptablePropertySourceConverter [EncryptablePropertySourceConverter.java:41] Converting PropertySource systemProperties [org.springframework.core.env.PropertiesPropertySource] to EncryptableMapPropertySourceWrapper
2021-01-19 12:56:05,421 INFO [restartedMain] c.u.j.EncryptablePropertySourceConverter [EncryptablePropertySourceConverter.java:41] Converting PropertySource systemEnvironment [org.springframework.boot.env.SystemEnvironmentPropertySourceEnvironmentPostProcessor$OriginAwareSystemEnvironmentPropertySource] to EncryptableSystemEnvironmentPropertySourceWrapper
2021-01-19 12:56:05,421 INFO [restartedMain] c.u.j.EncryptablePropertySourceConverter [EncryptablePropertySourceConverter.java:41] Converting PropertySource random [org.springframework.boot.env.RandomValuePropertySource] to EncryptablePropertySourceWrapper
2021-01-19 12:56:05,421 INFO [restartedMain] c.u.j.EncryptablePropertySourceConverter [EncryptablePropertySourceConverter.java:41] Converting PropertySource Config resource 'class path resource [application.properties]' via location 'optional:classpath:/' [org.springframework.boot.env.OriginTrackedMapPropertySource] to EncryptableMapPropertySourceWrapper
2021-01-19 12:56:05,421 INFO [restartedMain] c.u.j.EncryptablePropertySourceConverter [EncryptablePropertySourceConverter.java:41] Converting PropertySource devtools [org.springframework.core.env.MapPropertySource] to EncryptableMapPropertySourceWrapper
2021-01-19 12:56:05,462 INFO [restartedMain] c.u.j.f.DefaultLazyPropertyFilter [DefaultLazyPropertyFilter.java:34] Property Filter custom Bean not found with name 'encryptablePropertyFilter'. Initializing Default Property Filter
2021-01-19 12:56:05,615 INFO [restartedMain] c.u.j.r.DefaultLazyPropertyResolver [DefaultLazyPropertyResolver.java:35] Property Resolver custom Bean not found with name 'encryptablePropertyResolver'. Initializing Default Property Resolver
2021-01-19 12:56:05,617 INFO [restartedMain] c.u.j.d.DefaultLazyPropertyDetector [DefaultLazyPropertyDetector.java:33] Property Detector custom Bean not found with name 'encryptablePropertyDetector'. Initializing Default Property Detector
2021-01-19 12:56:05,888 INFO [restartedMain] o.s.b.w.e.t.TomcatWebServer [TomcatWebServer.java:108] Tomcat initialized with port(s): 8080 (http)
2021-01-19 12:56:05,897 INFO [restartedMain] o.a.c.h.Http11NioProtocol [DirectJDKLog.java:173] Initializing ProtocolHandler ["http-nio-8080"]
2021-01-19 12:56:05,897 INFO [restartedMain] o.a.c.c.StandardService [DirectJDKLog.java:173] Starting service [Tomcat]
2021-01-19 12:56:05,898 INFO [restartedMain] o.a.c.c.StandardEngine [DirectJDKLog.java:173] Starting Servlet engine: [Apache Tomcat/9.0.41]
2021-01-19 12:56:06,013 INFO [restartedMain] o.a.c.c.C.[.[.[/echo] [DirectJDKLog.java:173] Initializing Spring embedded WebApplicationContext
2021-01-19 12:56:06,022 INFO [restartedMain] o.s.b.w.s.c.ServletWebServerApplicationContext [ServletWebServerApplicationContext.java:289] Root WebApplicationContext: initialization completed in 1646 ms
2021-01-19 12:56:06,641 INFO [restartedMain] o.s.s.c.ThreadPoolTaskExecutor [ExecutorConfigurationSupport.java:181] Initializing ExecutorService 'applicationTaskExecutor'
2021-01-19 12:56:06,721 INFO [restartedMain] o.s.b.a.w.s.WelcomePageHandlerMapping [WelcomePageHandlerMapping.java:57] Adding welcome page template: index
2021-01-19 12:56:09,771 INFO [restartedMain] o.s.d.e.s.VersionInfo [VersionInfo.java:62] Version Spring Data Elasticsearch: 4.1.3
2021-01-19 12:56:09,771 INFO [restartedMain] o.s.d.e.s.VersionInfo [VersionInfo.java:63] Version Elasticsearch Client in build: 7.9.3
2021-01-19 12:56:09,771 INFO [restartedMain] o.s.d.e.s.VersionInfo [VersionInfo.java:64] Version Elasticsearch Client used: 7.9.3
2021-01-19 12:56:09,930 INFO [restartedMain] o.s.b.d.a.OptionalLiveReloadServer [OptionalLiveReloadServer.java:58] LiveReload server is running on port 35729
2021-01-19 12:56:09,944 INFO [restartedMain] o.a.c.h.Http11NioProtocol [DirectJDKLog.java:173] Starting ProtocolHandler ["http-nio-8080"]
2021-01-19 12:56:09,953 INFO [restartedMain] o.s.b.w.e.t.TomcatWebServer [TomcatWebServer.java:220] Tomcat started on port(s): 8080 (http) with context path '/echo'
2021-01-19 12:56:09,962 INFO [restartedMain] c.g.c.CommunityApplication [StartupInfoLogger.java:61] Started CommunityApplication in 6.15 seconds (JVM running for 7.017)
2021-01-19 12:56:12,037 INFO [http-nio-8080-exec-1] o.a.c.c.C.[.[.[/echo] [DirectJDKLog.java:173] Initializing Spring DispatcherServlet 'dispatcherServlet'
2021-01-19 12:56:12,037 INFO [http-nio-8080-exec-1] o.s.w.s.DispatcherServlet [FrameworkServlet.java:525] Initializing Servlet 'dispatcherServlet'
2021-01-19 12:56:12,038 INFO [http-nio-8080-exec-1] o.s.w.s.DispatcherServlet [FrameworkServlet.java:547] Completed initialization in 1 ms
2021-01-19 12:56:12,058 INFO [http-nio-8080-exec-1] c.z.h.HikariDataSource [HikariDataSource.java:110] HikariPool-1 - Starting...
2021-01-19 12:56:12,175 INFO [http-nio-8080-exec-1] c.z.h.HikariDataSource [HikariDataSource.java:123] HikariPool-1 - Start completed.
2021-01-19 13:00:02,323 INFO [restartedMain] c.g.c.CommunityApplication [StartupInfoLogger.java:55] Starting CommunityApplication using Java 1.8.0_172 on LAPTOP-5SJBI05C with PID 18488 (E:\GreateCommunity\target\classes started by 19124 in E:\GreateCommunity)
2021-01-19 13:00:02,325 INFO [restartedMain] c.g.c.CommunityApplication [SpringApplication.java:660] No active profile set, falling back to default profiles: default
2021-01-19 13:00:02,362 INFO [restartedMain] o.s.b.d.e.DevToolsPropertyDefaultsPostProcessor [DeferredLog.java:255] Devtools property defaults active! Set 'spring.devtools.add-properties' to 'false' to disable
2021-01-19 13:00:02,363 INFO [restartedMain] o.s.b.d.e.DevToolsPropertyDefaultsPostProcessor [DeferredLog.java:255] For additional web related logging consider setting the 'logging.level.web' property to 'DEBUG'
2021-01-19 13:00:02,876 INFO [restartedMain] o.s.d.r.c.RepositoryConfigurationDelegate [RepositoryConfigurationDelegate.java:250] Multiple Spring Data modules found, entering strict repository configuration mode!
2021-01-19 13:00:02,878 INFO [restartedMain] o.s.d.r.c.RepositoryConfigurationDelegate [RepositoryConfigurationDelegate.java:128] Bootstrapping Spring Data Elasticsearch repositories in DEFAULT mode.
2021-01-19 13:00:02,888 INFO [restartedMain] o.s.d.r.c.RepositoryConfigurationDelegate [RepositoryConfigurationDelegate.java:188] Finished Spring Data repository scanning in 7 ms. Found 0 Elasticsearch repository interfaces.
2021-01-19 13:00:02,892 INFO [restartedMain] o.s.d.r.c.RepositoryConfigurationDelegate [RepositoryConfigurationDelegate.java:250] Multiple Spring Data modules found, entering strict repository configuration mode!
2021-01-19 13:00:02,892 INFO [restartedMain] o.s.d.r.c.RepositoryConfigurationDelegate [RepositoryConfigurationDelegate.java:128] Bootstrapping Spring Data Reactive Elasticsearch repositories in DEFAULT mode.
2021-01-19 13:00:02,895 INFO [restartedMain] o.s.d.r.c.RepositoryConfigurationDelegate [RepositoryConfigurationDelegate.java:188] Finished Spring Data repository scanning in 2 ms. Found 0 Reactive Elasticsearch repository interfaces.
2021-01-19 13:00:02,904 INFO [restartedMain] o.s.d.r.c.RepositoryConfigurationDelegate [RepositoryConfigurationDelegate.java:250] Multiple Spring Data modules found, entering strict repository configuration mode!
2021-01-19 13:00:02,905 INFO [restartedMain] o.s.d.r.c.RepositoryConfigurationDelegate [RepositoryConfigurationDelegate.java:128] Bootstrapping Spring Data Redis repositories in DEFAULT mode.
2021-01-19 13:00:02,914 INFO [restartedMain] o.s.d.r.c.RepositoryConfigurationDelegate [RepositoryConfigurationDelegate.java:188] Finished Spring Data repository scanning in 2 ms. Found 0 Redis repository interfaces.
2021-01-19 13:00:03,073 INFO [restartedMain] c.u.j.c.EnableEncryptablePropertiesBeanFactoryPostProcessor [EnableEncryptablePropertiesBeanFactoryPostProcessor.java:48] Post-processing PropertySource instances
2021-01-19 13:00:03,115 INFO [restartedMain] c.u.j.EncryptablePropertySourceConverter [EncryptablePropertySourceConverter.java:41] Converting PropertySource configurationProperties [org.springframework.boot.context.properties.source.ConfigurationPropertySourcesPropertySource] to AOP Proxy
2021-01-19 13:00:03,116 INFO [restartedMain] c.u.j.EncryptablePropertySourceConverter [EncryptablePropertySourceConverter.java:41] Converting PropertySource servletConfigInitParams [org.springframework.core.env.PropertySource$StubPropertySource] to EncryptablePropertySourceWrapper
2021-01-19 13:00:03,116 INFO [restartedMain] c.u.j.EncryptablePropertySourceConverter [EncryptablePropertySourceConverter.java:41] Converting PropertySource servletContextInitParams [org.springframework.core.env.PropertySource$StubPropertySource] to EncryptablePropertySourceWrapper
2021-01-19 13:00:03,117 INFO [restartedMain] c.u.j.EncryptablePropertySourceConverter [EncryptablePropertySourceConverter.java:41] Converting PropertySource systemProperties [org.springframework.core.env.PropertiesPropertySource] to EncryptableMapPropertySourceWrapper
2021-01-19 13:00:03,117 INFO [restartedMain] c.u.j.EncryptablePropertySourceConverter [EncryptablePropertySourceConverter.java:41] Converting PropertySource systemEnvironment [org.springframework.boot.env.SystemEnvironmentPropertySourceEnvironmentPostProcessor$OriginAwareSystemEnvironmentPropertySource] to EncryptableSystemEnvironmentPropertySourceWrapper
2021-01-19 13:00:03,117 INFO [restartedMain] c.u.j.EncryptablePropertySourceConverter [EncryptablePropertySourceConverter.java:41] Converting PropertySource random [org.springframework.boot.env.RandomValuePropertySource] to EncryptablePropertySourceWrapper
2021-01-19 13:00:03,117 INFO [restartedMain] c.u.j.EncryptablePropertySourceConverter [EncryptablePropertySourceConverter.java:41] Converting PropertySource Config resource 'class path resource [application.properties]' via location 'optional:classpath:/' [org.springframework.boot.env.OriginTrackedMapPropertySource] to EncryptableMapPropertySourceWrapper
2021-01-19 13:00:03,117 INFO [restartedMain] c.u.j.EncryptablePropertySourceConverter [EncryptablePropertySourceConverter.java:41] Converting PropertySource devtools [org.springframework.core.env.MapPropertySource] to EncryptableMapPropertySourceWrapper
2021-01-19 13:00:03,149 INFO [restartedMain] c.u.j.f.DefaultLazyPropertyFilter [DefaultLazyPropertyFilter.java:34] Property Filter custom Bean not found with name 'encryptablePropertyFilter'. Initializing Default Property Filter
2021-01-19 13:00:03,250 INFO [restartedMain] c.u.j.r.DefaultLazyPropertyResolver [DefaultLazyPropertyResolver.java:35] Property Resolver custom Bean not found with name 'encryptablePropertyResolver'. Initializing Default Property Resolver
2021-01-19 13:00:03,252 INFO [restartedMain] c.u.j.d.DefaultLazyPropertyDetector [DefaultLazyPropertyDetector.java:33] Property Detector custom Bean not found with name 'encryptablePropertyDetector'. Initializing Default Property Detector
2021-01-19 13:00:03,459 INFO [restartedMain] o.s.b.w.e.t.TomcatWebServer [TomcatWebServer.java:108] Tomcat initialized with port(s): 8080 (http)
2021-01-19 13:00:03,465 INFO [restartedMain] o.a.c.h.Http11NioProtocol [DirectJDKLog.java:173] Initializing ProtocolHandler ["http-nio-8080"]
2021-01-19 13:00:03,466 INFO [restartedMain] o.a.c.c.StandardService [DirectJDKLog.java:173] Starting service [Tomcat]
2021-01-19 13:00:03,466 INFO [restartedMain] o.a.c.c.StandardEngine [DirectJDKLog.java:173] Starting Servlet engine: [Apache Tomcat/9.0.41]
2021-01-19 13:00:03,560 INFO [restartedMain] o.a.c.c.C.[.[.[/echo] [DirectJDKLog.java:173] Initializing Spring embedded WebApplicationContext
2021-01-19 13:00:03,560 INFO [restartedMain] o.s.b.w.s.c.ServletWebServerApplicationContext [ServletWebServerApplicationContext.java:289] Root WebApplicationContext: initialization completed in 1196 ms
2021-01-19 13:00:03,975 INFO [restartedMain] o.s.s.c.ThreadPoolTaskExecutor [ExecutorConfigurationSupport.java:181] Initializing ExecutorService 'applicationTaskExecutor'
2021-01-19 13:00:04,025 INFO [restartedMain] o.s.b.a.w.s.WelcomePageHandlerMapping [WelcomePageHandlerMapping.java:57] Adding welcome page template: index
2021-01-19 13:00:06,761 INFO [restartedMain] o.s.d.e.s.VersionInfo [VersionInfo.java:62] Version Spring Data Elasticsearch: 4.1.3
2021-01-19 13:00:06,761 INFO [restartedMain] o.s.d.e.s.VersionInfo [VersionInfo.java:63] Version Elasticsearch Client in build: 7.9.3
2021-01-19 13:00:06,761 INFO [restartedMain] o.s.d.e.s.VersionInfo [VersionInfo.java:64] Version Elasticsearch Client used: 7.9.3
2021-01-19 13:00:06,948 INFO [restartedMain] o.s.b.d.a.OptionalLiveReloadServer [OptionalLiveReloadServer.java:58] LiveReload server is running on port 35729
2021-01-19 13:00:06,964 INFO [restartedMain] o.a.c.h.Http11NioProtocol [DirectJDKLog.java:173] Starting ProtocolHandler ["http-nio-8080"]
2021-01-19 13:00:06,973 INFO [restartedMain] o.s.b.w.e.t.TomcatWebServer [TomcatWebServer.java:220] Tomcat started on port(s): 8080 (http) with context path '/echo'
2021-01-19 13:00:06,983 INFO [restartedMain] c.g.c.CommunityApplication [StartupInfoLogger.java:61] Started CommunityApplication in 5.027 seconds (JVM running for 5.951)
2021-01-19 13:00:07,753 INFO [http-nio-8080-exec-1] o.a.c.c.C.[.[.[/echo] [DirectJDKLog.java:173] Initializing Spring DispatcherServlet 'dispatcherServlet'
2021-01-19 13:00:07,754 INFO [http-nio-8080-exec-1] o.s.w.s.DispatcherServlet [FrameworkServlet.java:525] Initializing Servlet 'dispatcherServlet'
2021-01-19 13:00:07,755 INFO [http-nio-8080-exec-1] o.s.w.s.DispatcherServlet [FrameworkServlet.java:547] Completed initialization in 1 ms
2021-01-19 13:00:07,775 INFO [http-nio-8080-exec-1] c.z.h.HikariDataSource [HikariDataSource.java:110] HikariPool-1 - Starting...
2021-01-19 13:00:07,897 INFO [http-nio-8080-exec-1] c.z.h.HikariDataSource [HikariDataSource.java:123] HikariPool-1 - Start completed.
