2021-01-21 23:14:06,607 INFO [main] c.g.c.SensitiveTests [StartupInfoLogger.java:55] Starting SensitiveTests using Java 1.8.0_172 on LAPTOP-5SJBI05C with PID 17764 (started by 19124 in E:\GreateCommunity)
2021-01-21 23:14:06,639 INFO [main] c.g.c.SensitiveTests [SpringApplication.java:660] No active profile set, falling back to default profiles: default
2021-01-21 23:14:07,317 INFO [main] o.s.d.r.c.RepositoryConfigurationDelegate [RepositoryConfigurationDelegate.java:250] Multiple Spring Data modules found, entering strict repository configuration mode!
2021-01-21 23:14:07,321 INFO [main] o.s.d.r.c.RepositoryConfigurationDelegate [RepositoryConfigurationDelegate.java:128] Bootstrapping Spring Data Elasticsearch repositories in DEFAULT mode.
2021-01-21 23:14:07,336 INFO [main] o.s.d.r.c.RepositoryConfigurationDelegate [RepositoryConfigurationDelegate.java:188] Finished Spring Data repository scanning in 9 ms. Found 0 Elasticsearch repository interfaces.
2021-01-21 23:14:07,340 INFO [main] o.s.d.r.c.RepositoryConfigurationDelegate [RepositoryConfigurationDelegate.java:250] Multiple Spring Data modules found, entering strict repository configuration mode!
2021-01-21 23:14:07,341 INFO [main] o.s.d.r.c.RepositoryConfigurationDelegate [RepositoryConfigurationDelegate.java:128] Bootstrapping Spring Data Reactive Elasticsearch repositories in DEFAULT mode.
2021-01-21 23:14:07,346 INFO [main] o.s.d.r.c.RepositoryConfigurationDelegate [RepositoryConfigurationDelegate.java:188] Finished Spring Data repository scanning in 4 ms. Found 0 Reactive Elasticsearch repository interfaces.
2021-01-21 23:14:07,361 INFO [main] o.s.d.r.c.RepositoryConfigurationDelegate [RepositoryConfigurationDelegate.java:250] Multiple Spring Data modules found, entering strict repository configuration mode!
2021-01-21 23:14:07,362 INFO [main] o.s.d.r.c.RepositoryConfigurationDelegate [RepositoryConfigurationDelegate.java:128] Bootstrapping Spring Data Redis repositories in DEFAULT mode.
2021-01-21 23:14:07,375 INFO [main] o.s.d.r.c.RepositoryConfigurationDelegate [RepositoryConfigurationDelegate.java:188] Finished Spring Data repository scanning in 3 ms. Found 0 Redis repository interfaces.
2021-01-21 23:14:07,704 INFO [main] c.u.j.c.EnableEncryptablePropertiesBeanFactoryPostProcessor [EnableEncryptablePropertiesBeanFactoryPostProcessor.java:48] Post-processing PropertySource instances
2021-01-21 23:14:07,781 INFO [main] c.u.j.EncryptablePropertySourceConverter [EncryptablePropertySourceConverter.java:41] Converting PropertySource configurationProperties [org.springframework.boot.context.properties.source.ConfigurationPropertySourcesPropertySource] to AOP Proxy
2021-01-21 23:14:07,783 INFO [main] c.u.j.EncryptablePropertySourceConverter [EncryptablePropertySourceConverter.java:41] Converting PropertySource test [org.springframework.core.env.MapPropertySource] to EncryptableMapPropertySourceWrapper
2021-01-21 23:14:07,784 INFO [main] c.u.j.EncryptablePropertySourceConverter [EncryptablePropertySourceConverter.java:41] Converting PropertySource Inlined Test Properties [org.springframework.core.env.MapPropertySource] to EncryptableMapPropertySourceWrapper
2021-01-21 23:14:07,784 INFO [main] c.u.j.EncryptablePropertySourceConverter [EncryptablePropertySourceConverter.java:41] Converting PropertySource systemProperties [org.springframework.core.env.PropertiesPropertySource] to EncryptableMapPropertySourceWrapper
2021-01-21 23:14:07,784 INFO [main] c.u.j.EncryptablePropertySourceConverter [EncryptablePropertySourceConverter.java:41] Converting PropertySource systemEnvironment [org.springframework.boot.env.SystemEnvironmentPropertySourceEnvironmentPostProcessor$OriginAwareSystemEnvironmentPropertySource] to EncryptableSystemEnvironmentPropertySourceWrapper
2021-01-21 23:14:07,784 INFO [main] c.u.j.EncryptablePropertySourceConverter [EncryptablePropertySourceConverter.java:41] Converting PropertySource random [org.springframework.boot.env.RandomValuePropertySource] to EncryptablePropertySourceWrapper
2021-01-21 23:14:07,784 INFO [main] c.u.j.EncryptablePropertySourceConverter [EncryptablePropertySourceConverter.java:41] Converting PropertySource Config resource 'class path resource [application.properties]' via location 'optional:classpath:/' [org.springframework.boot.env.OriginTrackedMapPropertySource] to EncryptableMapPropertySourceWrapper
2021-01-21 23:14:07,857 INFO [main] c.u.j.f.DefaultLazyPropertyFilter [DefaultLazyPropertyFilter.java:34] Property Filter custom Bean not found with name 'encryptablePropertyFilter'. Initializing Default Property Filter
2021-01-21 23:14:08,264 INFO [main] c.u.j.r.DefaultLazyPropertyResolver [DefaultLazyPropertyResolver.java:35] Property Resolver custom Bean not found with name 'encryptablePropertyResolver'. Initializing Default Property Resolver
2021-01-21 23:14:08,267 INFO [main] c.u.j.d.DefaultLazyPropertyDetector [DefaultLazyPropertyDetector.java:33] Property Detector custom Bean not found with name 'encryptablePropertyDetector'. Initializing Default Property Detector
2021-01-21 23:14:09,479 INFO [main] o.s.s.c.ThreadPoolTaskExecutor [ExecutorConfigurationSupport.java:181] Initializing ExecutorService 'applicationTaskExecutor'
2021-01-21 23:14:09,668 INFO [main] o.s.b.a.w.s.WelcomePageHandlerMapping [WelcomePageHandlerMapping.java:57] Adding welcome page template: index
2021-01-21 23:14:13,135 INFO [main] o.s.d.e.s.VersionInfo [VersionInfo.java:62] Version Spring Data Elasticsearch: 4.1.3
2021-01-21 23:14:13,136 INFO [main] o.s.d.e.s.VersionInfo [VersionInfo.java:63] Version Elasticsearch Client in build: 7.9.3
2021-01-21 23:14:13,136 INFO [main] o.s.d.e.s.VersionInfo [VersionInfo.java:64] Version Elasticsearch Client used: 7.9.3
2021-01-21 23:14:13,439 INFO [main] c.g.c.SensitiveTests [StartupInfoLogger.java:61] Started SensitiveTests in 7.218 seconds (JVM running for 8.337)
2021-01-21 23:14:13,926 INFO [SpringContextShutdownHook] o.s.s.c.ThreadPoolTaskExecutor [ExecutorConfigurationSupport.java:218] Shutting down ExecutorService 'applicationTaskExecutor'
2021-01-21 23:17:01,101 INFO [main] c.g.c.SensitiveTests [StartupInfoLogger.java:55] Starting SensitiveTests using Java 1.8.0_172 on LAPTOP-5SJBI05C with PID 3164 (started by 19124 in E:\GreateCommunity)
2021-01-21 23:17:01,125 INFO [main] c.g.c.SensitiveTests [SpringApplication.java:660] No active profile set, falling back to default profiles: default
2021-01-21 23:17:01,635 INFO [main] o.s.d.r.c.RepositoryConfigurationDelegate [RepositoryConfigurationDelegate.java:250] Multiple Spring Data modules found, entering strict repository configuration mode!
2021-01-21 23:17:01,637 INFO [main] o.s.d.r.c.RepositoryConfigurationDelegate [RepositoryConfigurationDelegate.java:128] Bootstrapping Spring Data Elasticsearch repositories in DEFAULT mode.
2021-01-21 23:17:01,651 INFO [main] o.s.d.r.c.RepositoryConfigurationDelegate [RepositoryConfigurationDelegate.java:188] Finished Spring Data repository scanning in 9 ms. Found 0 Elasticsearch repository interfaces.
2021-01-21 23:17:01,657 INFO [main] o.s.d.r.c.RepositoryConfigurationDelegate [RepositoryConfigurationDelegate.java:250] Multiple Spring Data modules found, entering strict repository configuration mode!
2021-01-21 23:17:01,658 INFO [main] o.s.d.r.c.RepositoryConfigurationDelegate [RepositoryConfigurationDelegate.java:128] Bootstrapping Spring Data Reactive Elasticsearch repositories in DEFAULT mode.
2021-01-21 23:17:01,663 INFO [main] o.s.d.r.c.RepositoryConfigurationDelegate [RepositoryConfigurationDelegate.java:188] Finished Spring Data repository scanning in 4 ms. Found 0 Reactive Elasticsearch repository interfaces.
2021-01-21 23:17:01,676 INFO [main] o.s.d.r.c.RepositoryConfigurationDelegate [RepositoryConfigurationDelegate.java:250] Multiple Spring Data modules found, entering strict repository configuration mode!
2021-01-21 23:17:01,677 INFO [main] o.s.d.r.c.RepositoryConfigurationDelegate [RepositoryConfigurationDelegate.java:128] Bootstrapping Spring Data Redis repositories in DEFAULT mode.
2021-01-21 23:17:01,688 INFO [main] o.s.d.r.c.RepositoryConfigurationDelegate [RepositoryConfigurationDelegate.java:188] Finished Spring Data repository scanning in 3 ms. Found 0 Redis repository interfaces.
2021-01-21 23:17:01,920 INFO [main] c.u.j.c.EnableEncryptablePropertiesBeanFactoryPostProcessor [EnableEncryptablePropertiesBeanFactoryPostProcessor.java:48] Post-processing PropertySource instances
2021-01-21 23:17:01,977 INFO [main] c.u.j.EncryptablePropertySourceConverter [EncryptablePropertySourceConverter.java:41] Converting PropertySource configurationProperties [org.springframework.boot.context.properties.source.ConfigurationPropertySourcesPropertySource] to AOP Proxy
2021-01-21 23:17:01,978 INFO [main] c.u.j.EncryptablePropertySourceConverter [EncryptablePropertySourceConverter.java:41] Converting PropertySource test [org.springframework.core.env.MapPropertySource] to EncryptableMapPropertySourceWrapper
2021-01-21 23:17:01,979 INFO [main] c.u.j.EncryptablePropertySourceConverter [EncryptablePropertySourceConverter.java:41] Converting PropertySource Inlined Test Properties [org.springframework.core.env.MapPropertySource] to EncryptableMapPropertySourceWrapper
2021-01-21 23:17:01,979 INFO [main] c.u.j.EncryptablePropertySourceConverter [EncryptablePropertySourceConverter.java:41] Converting PropertySource systemProperties [org.springframework.core.env.PropertiesPropertySource] to EncryptableMapPropertySourceWrapper
2021-01-21 23:17:01,979 INFO [main] c.u.j.EncryptablePropertySourceConverter [EncryptablePropertySourceConverter.java:41] Converting PropertySource systemEnvironment [org.springframework.boot.env.SystemEnvironmentPropertySourceEnvironmentPostProcessor$OriginAwareSystemEnvironmentPropertySource] to EncryptableSystemEnvironmentPropertySourceWrapper
2021-01-21 23:17:01,979 INFO [main] c.u.j.EncryptablePropertySourceConverter [EncryptablePropertySourceConverter.java:41] Converting PropertySource random [org.springframework.boot.env.RandomValuePropertySource] to EncryptablePropertySourceWrapper
2021-01-21 23:17:01,980 INFO [main] c.u.j.EncryptablePropertySourceConverter [EncryptablePropertySourceConverter.java:41] Converting PropertySource Config resource 'class path resource [application.properties]' via location 'optional:classpath:/' [org.springframework.boot.env.OriginTrackedMapPropertySource] to EncryptableMapPropertySourceWrapper
2021-01-21 23:17:02,024 INFO [main] c.u.j.f.DefaultLazyPropertyFilter [DefaultLazyPropertyFilter.java:34] Property Filter custom Bean not found with name 'encryptablePropertyFilter'. Initializing Default Property Filter
2021-01-21 23:17:02,310 INFO [main] c.u.j.r.DefaultLazyPropertyResolver [DefaultLazyPropertyResolver.java:35] Property Resolver custom Bean not found with name 'encryptablePropertyResolver'. Initializing Default Property Resolver
2021-01-21 23:17:02,314 INFO [main] c.u.j.d.DefaultLazyPropertyDetector [DefaultLazyPropertyDetector.java:33] Property Detector custom Bean not found with name 'encryptablePropertyDetector'. Initializing Default Property Detector
2021-01-21 23:17:03,081 INFO [main] o.s.s.c.ThreadPoolTaskExecutor [ExecutorConfigurationSupport.java:181] Initializing ExecutorService 'applicationTaskExecutor'
2021-01-21 23:17:03,174 INFO [main] o.s.b.a.w.s.WelcomePageHandlerMapping [WelcomePageHandlerMapping.java:57] Adding welcome page template: index
2021-01-21 23:17:05,646 INFO [main] o.s.d.e.s.VersionInfo [VersionInfo.java:62] Version Spring Data Elasticsearch: 4.1.3
2021-01-21 23:17:05,646 INFO [main] o.s.d.e.s.VersionInfo [VersionInfo.java:63] Version Elasticsearch Client in build: 7.9.3
2021-01-21 23:17:05,646 INFO [main] o.s.d.e.s.VersionInfo [VersionInfo.java:64] Version Elasticsearch Client used: 7.9.3
2021-01-21 23:17:05,918 INFO [main] c.g.c.SensitiveTests [StartupInfoLogger.java:61] Started SensitiveTests in 5.111 seconds (JVM running for 6.0)
2021-01-21 23:17:06,329 INFO [SpringContextShutdownHook] o.s.s.c.ThreadPoolTaskExecutor [ExecutorConfigurationSupport.java:218] Shutting down ExecutorService 'applicationTaskExecutor'
